{"/home/travis/build/npmtest/node-npmtest-bottlejs/test.js":{"path":"/home/travis/build/npmtest/node-npmtest-bottlejs/test.js","s":{"1":2,"2":2,"3":2,"4":2,"5":2,"6":2,"7":2,"8":1,"9":2,"10":2,"11":1,"12":1,"13":1,"14":1,"15":2,"16":2,"17":2,"18":2,"19":1,"20":1,"21":2,"22":2,"23":2,"24":1,"25":1,"26":1,"27":1,"28":1,"29":1,"30":1,"31":1,"32":1,"33":1,"34":1,"35":1,"36":1,"37":1,"38":1,"39":2,"40":2,"41":1,"42":2,"43":2,"44":1,"45":2,"46":2,"47":1,"48":2,"49":2,"50":1,"51":1,"52":1,"53":1,"54":1},"b":{"1":[2,1,1,1],"2":[1,1,1,1],"3":[1,1],"4":[1,1],"5":[1,1],"6":[1,1],"7":[1,1],"8":[1,1],"9":[1,1],"10":[1,1,1],"11":[1,1],"12":[1,1],"13":[1,1],"14":[1,1],"15":[1,1],"16":[1,1],"17":[1,1]},"f":{"1":2,"2":2,"3":2,"4":2,"5":2,"6":1,"7":1,"8":1,"9":2,"10":2,"11":2,"12":2,"13":1},"fnMap":{"1":{"name":"(anonymous_1)","line":12,"loc":{"start":{"line":12,"column":1},"end":{"line":12,"column":13}}},"2":{"name":"(anonymous_2)","line":19,"loc":{"start":{"line":19,"column":5},"end":{"line":19,"column":17}}},"3":{"name":"(anonymous_3)","line":23,"loc":{"start":{"line":23,"column":24},"end":{"line":23,"column":36}}},"4":{"name":"(anonymous_4)","line":61,"loc":{"start":{"line":61,"column":5},"end":{"line":61,"column":17}}},"5":{"name":"(anonymous_5)","line":82,"loc":{"start":{"line":82,"column":5},"end":{"line":82,"column":17}}},"6":{"name":"(anonymous_6)","line":91,"loc":{"start":{"line":91,"column":77},"end":{"line":94,"column":10}}},"7":{"name":"(anonymous_7)","line":112,"loc":{"start":{"line":112,"column":83},"end":{"line":115,"column":10}},"skip":true},"8":{"name":"(anonymous_8)","line":123,"loc":{"start":{"line":123,"column":77},"end":{"line":126,"column":10}},"skip":true},"9":{"name":"(anonymous_9)","line":139,"loc":{"start":{"line":139,"column":12},"end":{"line":139,"column":40}},"skip":true},"10":{"name":"(anonymous_10)","line":147,"loc":{"start":{"line":147,"column":77},"end":{"line":150,"column":10}},"skip":true},"11":{"name":"(anonymous_11)","line":158,"loc":{"start":{"line":158,"column":83},"end":{"line":161,"column":10}},"skip":true},"12":{"name":"(anonymous_12)","line":169,"loc":{"start":{"line":169,"column":79},"end":{"line":172,"column":10}},"skip":true},"13":{"name":"(anonymous_13)","line":180,"loc":{"start":{"line":180,"column":75},"end":{"line":183,"column":10}},"skip":true}},"statementMap":{"1":{"start":{"line":12,"column":0},"end":{"line":195,"column":5}},"2":{"start":{"line":14,"column":4},"end":{"line":14,"column":14}},"3":{"start":{"line":19,"column":4},"end":{"line":56,"column":9}},"4":{"start":{"line":21,"column":8},"end":{"line":21,"column":19}},"5":{"start":{"line":23,"column":8},"end":{"line":35,"column":13}},"6":{"start":{"line":24,"column":12},"end":{"line":34,"column":13}},"7":{"start":{"line":25,"column":16},"end":{"line":28,"column":30}},"8":{"start":{"line":30,"column":16},"end":{"line":33,"column":27}},"9":{"start":{"line":37,"column":8},"end":{"line":39,"column":21}},"10":{"start":{"line":40,"column":8},"end":{"line":53,"column":9}},"11":{"start":{"line":43,"column":12},"end":{"line":46,"column":14}},"12":{"start":{"line":47,"column":12},"end":{"line":47,"column":18}},"13":{"start":{"line":50,"column":12},"end":{"line":51,"column":46}},"14":{"start":{"line":52,"column":12},"end":{"line":52,"column":18}},"15":{"start":{"line":55,"column":8},"end":{"line":55,"column":35}},"16":{"start":{"line":61,"column":4},"end":{"line":63,"column":9}},"17":{"start":{"line":62,"column":8},"end":{"line":62,"column":15}},"18":{"start":{"line":64,"column":4},"end":{"line":77,"column":5}},"19":{"start":{"line":70,"column":8},"end":{"line":70,"column":14}},"20":{"start":{"line":76,"column":8},"end":{"line":76,"column":14}},"21":{"start":{"line":82,"column":4},"end":{"line":84,"column":9}},"22":{"start":{"line":83,"column":8},"end":{"line":83,"column":15}},"23":{"start":{"line":85,"column":4},"end":{"line":194,"column":5}},"24":{"start":{"line":91,"column":8},"end":{"line":99,"column":10}},"25":{"start":{"line":98,"column":12},"end":{"line":98,"column":35}},"26":{"start":{"line":102,"column":8},"end":{"line":104,"column":63}},"27":{"start":{"line":105,"column":8},"end":{"line":105,"column":14}},"28":{"start":{"line":112,"column":8},"end":{"line":121,"column":10},"skip":true},"29":{"start":{"line":119,"column":12},"end":{"line":119,"column":55},"skip":true},"30":{"start":{"line":120,"column":12},"end":{"line":120,"column":48},"skip":true},"31":{"start":{"line":123,"column":8},"end":{"line":136,"column":10},"skip":true},"32":{"start":{"line":130,"column":12},"end":{"line":130,"column":76},"skip":true},"33":{"start":{"line":131,"column":12},"end":{"line":131,"column":73},"skip":true},"34":{"start":{"line":132,"column":12},"end":{"line":132,"column":74},"skip":true},"35":{"start":{"line":133,"column":12},"end":{"line":133,"column":79},"skip":true},"36":{"start":{"line":134,"column":12},"end":{"line":134,"column":25},"skip":true},"37":{"start":{"line":135,"column":12},"end":{"line":135,"column":45},"skip":true},"38":{"start":{"line":138,"column":8},"end":{"line":145,"column":14},"skip":true},"39":{"start":{"line":143,"column":16},"end":{"line":143,"column":29},"skip":true},"40":{"start":{"line":144,"column":16},"end":{"line":144,"column":55},"skip":true},"41":{"start":{"line":147,"column":8},"end":{"line":156,"column":10},"skip":true},"42":{"start":{"line":154,"column":12},"end":{"line":154,"column":25},"skip":true},"43":{"start":{"line":155,"column":12},"end":{"line":155,"column":45},"skip":true},"44":{"start":{"line":158,"column":8},"end":{"line":167,"column":10},"skip":true},"45":{"start":{"line":165,"column":12},"end":{"line":165,"column":25},"skip":true},"46":{"start":{"line":166,"column":12},"end":{"line":166,"column":48},"skip":true},"47":{"start":{"line":169,"column":8},"end":{"line":178,"column":10},"skip":true},"48":{"start":{"line":176,"column":12},"end":{"line":176,"column":25},"skip":true},"49":{"start":{"line":177,"column":12},"end":{"line":177,"column":46},"skip":true},"50":{"start":{"line":180,"column":8},"end":{"line":189,"column":10},"skip":true},"51":{"start":{"line":187,"column":12},"end":{"line":187,"column":94},"skip":true},"52":{"start":{"line":188,"column":12},"end":{"line":188,"column":48},"skip":true},"53":{"start":{"line":192,"column":8},"end":{"line":192,"column":35},"skip":true},"54":{"start":{"line":193,"column":8},"end":{"line":193,"column":14},"skip":true}},"branchMap":{"1":{"line":25,"type":"binary-expr","locations":[{"start":{"line":25,"column":23},"end":{"line":25,"column":62}},{"start":{"line":26,"column":20},"end":{"line":26,"column":70}},{"start":{"line":27,"column":20},"end":{"line":27,"column":71}},{"start":{"line":28,"column":20},"end":{"line":28,"column":29}}]},"2":{"line":30,"type":"binary-expr","locations":[{"start":{"line":30,"column":23},"end":{"line":30,"column":37}},{"start":{"line":31,"column":20},"end":{"line":31,"column":61}},{"start":{"line":32,"column":20},"end":{"line":32,"column":70}},{"start":{"line":33,"column":20},"end":{"line":33,"column":26}}]},"3":{"line":37,"type":"cond-expr","locations":[{"start":{"line":38,"column":14},"end":{"line":38,"column":20}},{"start":{"line":39,"column":14},"end":{"line":39,"column":20}}]},"4":{"line":40,"type":"switch","locations":[{"start":{"line":42,"column":8},"end":{"line":47,"column":18}},{"start":{"line":49,"column":8},"end":{"line":52,"column":18}}]},"5":{"line":44,"type":"binary-expr","locations":[{"start":{"line":44,"column":16},"end":{"line":44,"column":44}},{"start":{"line":44,"column":48},"end":{"line":44,"column":66}}]},"6":{"line":50,"type":"binary-expr","locations":[{"start":{"line":50,"column":21},"end":{"line":50,"column":49}},{"start":{"line":50,"column":53},"end":{"line":50,"column":72}}]},"7":{"line":64,"type":"switch","locations":[{"start":{"line":69,"column":4},"end":{"line":70,"column":14}},{"start":{"line":75,"column":4},"end":{"line":76,"column":14}}]},"8":{"line":85,"type":"switch","locations":[{"start":{"line":90,"column":4},"end":{"line":105,"column":14}},{"start":{"line":111,"column":4},"end":{"line":193,"column":14},"skip":true}]},"9":{"line":91,"type":"binary-expr","locations":[{"start":{"line":91,"column":42},"end":{"line":91,"column":73}},{"start":{"line":91,"column":77},"end":{"line":99,"column":9}}]},"10":{"line":102,"type":"binary-expr","locations":[{"start":{"line":102,"column":18},"end":{"line":102,"column":32}},{"start":{"line":103,"column":12},"end":{"line":103,"column":53}},{"start":{"line":104,"column":12},"end":{"line":104,"column":61}}]},"11":{"line":112,"type":"binary-expr","locations":[{"start":{"line":112,"column":45},"end":{"line":112,"column":79},"skip":true},{"start":{"line":112,"column":83},"end":{"line":121,"column":9},"skip":true}]},"12":{"line":123,"type":"binary-expr","locations":[{"start":{"line":123,"column":42},"end":{"line":123,"column":73},"skip":true},{"start":{"line":123,"column":77},"end":{"line":136,"column":9},"skip":true}]},"13":{"line":138,"type":"binary-expr","locations":[{"start":{"line":138,"column":48},"end":{"line":138,"column":85},"skip":true},{"start":{"line":139,"column":12},"end":{"line":145,"column":13},"skip":true}]},"14":{"line":147,"type":"binary-expr","locations":[{"start":{"line":147,"column":42},"end":{"line":147,"column":73},"skip":true},{"start":{"line":147,"column":77},"end":{"line":156,"column":9},"skip":true}]},"15":{"line":158,"type":"binary-expr","locations":[{"start":{"line":158,"column":45},"end":{"line":158,"column":79},"skip":true},{"start":{"line":158,"column":83},"end":{"line":167,"column":9},"skip":true}]},"16":{"line":169,"type":"binary-expr","locations":[{"start":{"line":169,"column":43},"end":{"line":169,"column":75},"skip":true},{"start":{"line":169,"column":79},"end":{"line":178,"column":9},"skip":true}]},"17":{"line":180,"type":"binary-expr","locations":[{"start":{"line":180,"column":41},"end":{"line":180,"column":71},"skip":true},{"start":{"line":180,"column":75},"end":{"line":189,"column":9},"skip":true}]}},"code":["/* istanbul instrument in package npmtest_bottlejs */","/*jslint","    bitwise: true,","    browser: true,","    maxerr: 8,","    maxlen: 96,","    node: true,","    nomen: true,","    regexp: true,","    stupid: true","*/","(function () {","    'use strict';","    var local;","","","","    // run shared js-env code - pre-init","    (function () {","        // init local","        local = {};","        // init modeJs","        local.modeJs = (function () {","            try {","                return typeof navigator.userAgent === 'string' &&","                    typeof document.querySelector('body') === 'object' &&","                    typeof XMLHttpRequest.prototype.open === 'function' &&","                    'browser';","            } catch (errorCaughtBrowser) {","                return module.exports &&","                    typeof process.versions.node === 'string' &&","                    typeof require('http').createServer === 'function' &&","                    'node';","            }","        }());","        // init global","        local.global = local.modeJs === 'browser'","            ? window","            : global;","        switch (local.modeJs) {","        // re-init local from window.local","        case 'browser':","            local = local.global.utility2.objectSetDefault(","                local.global.utility2_rollup || local.global.local,","                local.global.utility2","            );","            break;","        // re-init local from example.js","        case 'node':","            local = (local.global.utility2_rollup || require('utility2'))","                .requireExampleJsFromReadme();","            break;","        }","        // export local","        local.global.local = local;","    }());","","","","    // run shared js-env code - function","    (function () {","        return;","    }());","    switch (local.modeJs) {","","","","    // run browser js-env code - function","    case 'browser':","        break;","","","","    // run node js-env code - function","    case 'node':","        break;","    }","","","","    // run shared js-env code - post-init","    (function () {","        return;","    }());","    switch (local.modeJs) {","","","","    // run browser js-env code - post-init","    case 'browser':","        local.testCase_browser_nullCase = local.testCase_browser_nullCase || function (","            options,","            onError","        ) {","        /*","         * this function will test browsers's null-case handling-behavior-behavior","         */","            onError(null, options);","        };","","        // run tests","        local.nop(local.modeTest &&","            document.querySelector('#testRunButton1') &&","            document.querySelector('#testRunButton1').click());","        break;","","","","    // run node js-env code - post-init","    /* istanbul ignore next */","    case 'node':","        local.testCase_buildApidoc_default = local.testCase_buildApidoc_default || function (","            options,","            onError","        ) {","        /*","         * this function will test buildApidoc's default handling-behavior-behavior","         */","            options = { modulePathList: module.paths };","            local.buildApidoc(options, onError);","        };","","        local.testCase_buildApp_default = local.testCase_buildApp_default || function (","            options,","            onError","        ) {","        /*","         * this function will test buildApp's default handling-behavior-behavior","         */","            local.testCase_buildReadme_default(options, local.onErrorThrow);","            local.testCase_buildLib_default(options, local.onErrorThrow);","            local.testCase_buildTest_default(options, local.onErrorThrow);","            local.testCase_buildCustomOrg_default(options, local.onErrorThrow);","            options = [];","            local.buildApp(options, onError);","        };","","        local.testCase_buildCustomOrg_default = local.testCase_buildCustomOrg_default ||","            function (options, onError) {","            /*","             * this function will test buildCustomOrg's default handling-behavior","             */","                options = {};","                local.buildCustomOrg(options, onError);","            };","","        local.testCase_buildLib_default = local.testCase_buildLib_default || function (","            options,","            onError","        ) {","        /*","         * this function will test buildLib's default handling-behavior","         */","            options = {};","            local.buildLib(options, onError);","        };","","        local.testCase_buildReadme_default = local.testCase_buildReadme_default || function (","            options,","            onError","        ) {","        /*","         * this function will test buildReadme's default handling-behavior-behavior","         */","            options = {};","            local.buildReadme(options, onError);","        };","","        local.testCase_buildTest_default = local.testCase_buildTest_default || function (","            options,","            onError","        ) {","        /*","         * this function will test buildTest's default handling-behavior","         */","            options = {};","            local.buildTest(options, onError);","        };","","        local.testCase_webpage_default = local.testCase_webpage_default || function (","            options,","            onError","        ) {","        /*","         * this function will test webpage's default handling-behavior","         */","            options = { modeCoverageMerge: true, url: local.serverLocalHost + '?modeTest=1' };","            local.browserTest(options, onError);","        };","","        // run test-server","        local.testRunServer(local);","        break;","    }","}());",""],"l":{"12":2,"14":2,"19":2,"21":2,"23":2,"24":2,"25":2,"30":1,"37":2,"40":2,"43":1,"47":1,"50":1,"52":1,"55":2,"61":2,"62":2,"64":2,"70":1,"76":1,"82":2,"83":2,"85":2,"91":1,"98":1,"102":1,"105":1,"112":1,"119":1,"120":1,"123":1,"130":1,"131":1,"132":1,"133":1,"134":1,"135":1,"138":1,"143":2,"144":2,"147":1,"154":2,"155":2,"158":1,"165":2,"166":2,"169":1,"176":2,"177":2,"180":1,"187":1,"188":1,"192":1,"193":1}},"/home/travis/build/npmtest/node-npmtest-bottlejs/lib.npmtest_bottlejs.js":{"path":"/home/travis/build/npmtest/node-npmtest-bottlejs/lib.npmtest_bottlejs.js","s":{"1":2,"2":2,"3":2,"4":2,"5":2,"6":2,"7":2,"8":1,"9":2,"10":2,"11":2,"12":2,"13":1,"14":1,"15":1,"16":1},"b":{"1":[2,1,1,1],"2":[1,1,1,1],"3":[1,1],"4":[2,2],"5":[1,1]},"f":{"1":2,"2":2,"3":2},"fnMap":{"1":{"name":"(anonymous_1)","line":12,"loc":{"start":{"line":12,"column":1},"end":{"line":12,"column":13}}},"2":{"name":"(anonymous_2)","line":19,"loc":{"start":{"line":19,"column":5},"end":{"line":19,"column":17}}},"3":{"name":"(anonymous_3)","line":23,"loc":{"start":{"line":23,"column":24},"end":{"line":23,"column":36}}}},"statementMap":{"1":{"start":{"line":12,"column":0},"end":{"line":53,"column":5}},"2":{"start":{"line":14,"column":4},"end":{"line":14,"column":14}},"3":{"start":{"line":19,"column":4},"end":{"line":52,"column":9}},"4":{"start":{"line":21,"column":8},"end":{"line":21,"column":19}},"5":{"start":{"line":23,"column":8},"end":{"line":35,"column":13}},"6":{"start":{"line":24,"column":12},"end":{"line":34,"column":13}},"7":{"start":{"line":25,"column":16},"end":{"line":28,"column":30}},"8":{"start":{"line":30,"column":16},"end":{"line":33,"column":27}},"9":{"start":{"line":37,"column":8},"end":{"line":39,"column":21}},"10":{"start":{"line":41,"column":8},"end":{"line":41,"column":54}},"11":{"start":{"line":43,"column":8},"end":{"line":43,"column":53}},"12":{"start":{"line":45,"column":8},"end":{"line":51,"column":9}},"13":{"start":{"line":46,"column":12},"end":{"line":46,"column":59}},"14":{"start":{"line":48,"column":12},"end":{"line":48,"column":35}},"15":{"start":{"line":49,"column":12},"end":{"line":49,"column":49}},"16":{"start":{"line":50,"column":12},"end":{"line":50,"column":43}}},"branchMap":{"1":{"line":25,"type":"binary-expr","locations":[{"start":{"line":25,"column":23},"end":{"line":25,"column":62}},{"start":{"line":26,"column":20},"end":{"line":26,"column":70}},{"start":{"line":27,"column":20},"end":{"line":27,"column":71}},{"start":{"line":28,"column":20},"end":{"line":28,"column":29}}]},"2":{"line":30,"type":"binary-expr","locations":[{"start":{"line":30,"column":23},"end":{"line":30,"column":37}},{"start":{"line":31,"column":20},"end":{"line":31,"column":61}},{"start":{"line":32,"column":20},"end":{"line":32,"column":70}},{"start":{"line":33,"column":20},"end":{"line":33,"column":26}}]},"3":{"line":37,"type":"cond-expr","locations":[{"start":{"line":38,"column":14},"end":{"line":38,"column":20}},{"start":{"line":39,"column":14},"end":{"line":39,"column":20}}]},"4":{"line":41,"type":"binary-expr","locations":[{"start":{"line":41,"column":16},"end":{"line":41,"column":44}},{"start":{"line":41,"column":48},"end":{"line":41,"column":53}}]},"5":{"line":45,"type":"if","locations":[{"start":{"line":45,"column":8},"end":{"line":45,"column":8}},{"start":{"line":45,"column":8},"end":{"line":45,"column":8}}]}},"code":["/* istanbul instrument in package npmtest_bottlejs */","/*jslint","    bitwise: true,","    browser: true,","    maxerr: 8,","    maxlen: 96,","    node: true,","    nomen: true,","    regexp: true,","    stupid: true","*/","(function () {","    'use strict';","    var local;","","","","    // run shared js-env code - pre-init","    (function () {","        // init local","        local = {};","        // init modeJs","        local.modeJs = (function () {","            try {","                return typeof navigator.userAgent === 'string' &&","                    typeof document.querySelector('body') === 'object' &&","                    typeof XMLHttpRequest.prototype.open === 'function' &&","                    'browser';","            } catch (errorCaughtBrowser) {","                return module.exports &&","                    typeof process.versions.node === 'string' &&","                    typeof require('http').createServer === 'function' &&","                    'node';","            }","        }());","        // init global","        local.global = local.modeJs === 'browser'","            ? window","            : global;","        // init utility2_rollup","        local = local.global.utility2_rollup || local;","        // init lib","        local.local = local.npmtest_bottlejs = local;","        // init exports","        if (local.modeJs === 'browser') {","            local.global.utility2_npmtest_bottlejs = local;","        } else {","            module.exports = local;","            module.exports.__dirname = __dirname;","            module.exports.module = module;","        }","    }());","}());",""],"l":{"12":2,"14":2,"19":2,"21":2,"23":2,"24":2,"25":2,"30":1,"37":2,"41":2,"43":2,"45":2,"46":1,"48":1,"49":1,"50":1}},"/home/travis/build/npmtest/node-npmtest-bottlejs/example.js":{"path":"/home/travis/build/npmtest/node-npmtest-bottlejs/example.js","s":{"1":2,"2":2,"3":2,"4":2,"5":2,"6":2,"7":2,"8":1,"9":2,"10":2,"11":2,"12":2,"13":1,"14":2,"15":2,"16":2,"17":2,"18":2,"19":0,"20":2,"21":1,"22":1,"23":1,"24":1,"25":1,"26":0,"27":0,"28":1,"29":1,"30":2,"31":0,"32":0,"33":0,"34":1,"35":2,"36":2,"37":3,"38":3,"39":3,"40":3,"41":0,"42":3,"43":3,"44":3,"45":1,"46":3,"47":1,"48":1,"49":1,"50":1,"51":1,"52":1,"53":1,"54":1,"55":1,"56":1,"57":0,"58":1,"59":6,"60":6,"61":1,"62":2,"63":0,"64":2,"65":1,"66":1,"67":0,"68":0,"69":0,"70":0,"71":0,"72":0,"73":0,"74":0,"75":0,"76":0,"77":0,"78":0,"79":0,"80":0,"81":0,"82":0,"83":0},"b":{"1":[2,1,1,1],"2":[1,1,1,1],"3":[1,1],"4":[2,2],"5":[1,1],"6":[1,1],"7":[2,0],"8":[2,1,1,1,1,1],"9":[0,2,0],"10":[1,1],"11":[2,1,1],"12":[1,0],"13":[0,2],"14":[2,0,0,0,0,0,0],"15":[0,3],"16":[3,0],"17":[1,1],"18":[0,1],"19":[1,2,0,2],"20":[1,0],"21":[1,1],"22":[0,0],"23":[0,0],"24":[0,0],"25":[0,0],"26":[0,0],"27":[0,0],"28":[0,0]},"f":{"1":2,"2":2,"3":2,"4":2,"5":2,"6":2,"7":3,"8":3,"9":3,"10":1,"11":6,"12":0},"fnMap":{"1":{"name":"(anonymous_1)","line":26,"loc":{"start":{"line":26,"column":1},"end":{"line":26,"column":13}}},"2":{"name":"(anonymous_2)","line":33,"loc":{"start":{"line":33,"column":5},"end":{"line":33,"column":17}}},"3":{"name":"(anonymous_3)","line":37,"loc":{"start":{"line":37,"column":24},"end":{"line":37,"column":36}}},"4":{"name":"(anonymous_4)","line":69,"loc":{"start":{"line":69,"column":31},"end":{"line":69,"column":48}},"skip":true},"5":{"name":"(anonymous_5)","line":78,"loc":{"start":{"line":78,"column":26},"end":{"line":78,"column":45}},"skip":true},"6":{"name":"(anonymous_6)","line":123,"loc":{"start":{"line":123,"column":33},"end":{"line":123,"column":48}},"skip":true},"7":{"name":"(anonymous_7)","line":125,"loc":{"start":{"line":125,"column":27},"end":{"line":125,"column":39}},"skip":true},"8":{"name":"(anonymous_8)","line":133,"loc":{"start":{"line":133,"column":59},"end":{"line":133,"column":74}},"skip":true},"9":{"name":"(anonymous_9)","line":143,"loc":{"start":{"line":143,"column":45},"end":{"line":143,"column":62}},"skip":true},"10":{"name":"(anonymous_10)","line":144,"loc":{"start":{"line":144,"column":73},"end":{"line":144,"column":92}},"skip":true},"11":{"name":"(anonymous_11)","line":272,"loc":{"start":{"line":272,"column":51},"end":{"line":272,"column":77}},"skip":true},"12":{"name":"(anonymous_12)","line":315,"loc":{"start":{"line":315,"column":32},"end":{"line":315,"column":61}},"skip":true}},"statementMap":{"1":{"start":{"line":26,"column":0},"end":{"line":326,"column":5}},"2":{"start":{"line":28,"column":4},"end":{"line":28,"column":14}},"3":{"start":{"line":33,"column":4},"end":{"line":60,"column":9}},"4":{"start":{"line":35,"column":8},"end":{"line":35,"column":19}},"5":{"start":{"line":37,"column":8},"end":{"line":49,"column":13}},"6":{"start":{"line":38,"column":12},"end":{"line":48,"column":13}},"7":{"start":{"line":39,"column":16},"end":{"line":42,"column":30}},"8":{"start":{"line":44,"column":16},"end":{"line":47,"column":27}},"9":{"start":{"line":51,"column":8},"end":{"line":53,"column":21}},"10":{"start":{"line":55,"column":8},"end":{"line":57,"column":45}},"11":{"start":{"line":59,"column":8},"end":{"line":59,"column":35}},"12":{"start":{"line":61,"column":4},"end":{"line":325,"column":5}},"13":{"start":{"line":69,"column":8},"end":{"line":121,"column":10},"skip":true},"14":{"start":{"line":70,"column":12},"end":{"line":88,"column":13},"skip":true},"15":{"start":{"line":76,"column":16},"end":{"line":87,"column":19},"skip":true},"16":{"start":{"line":79,"column":20},"end":{"line":86,"column":21},"skip":true},"17":{"start":{"line":82,"column":24},"end":{"line":82,"column":43},"skip":true},"18":{"start":{"line":83,"column":24},"end":{"line":83,"column":30},"skip":true},"19":{"start":{"line":85,"column":24},"end":{"line":85,"column":49},"skip":true},"20":{"start":{"line":89,"column":12},"end":{"line":107,"column":13},"skip":true},"21":{"start":{"line":92,"column":16},"end":{"line":102,"column":17},"skip":true},"22":{"start":{"line":93,"column":20},"end":{"line":93,"column":86},"skip":true},"23":{"start":{"line":94,"column":20},"end":{"line":95,"column":45},"skip":true},"24":{"start":{"line":96,"column":20},"end":{"line":96,"column":42},"skip":true},"25":{"start":{"line":97,"column":20},"end":{"line":97,"column":48},"skip":true},"26":{"start":{"line":100,"column":20},"end":{"line":100,"column":85},"skip":true},"27":{"start":{"line":101,"column":20},"end":{"line":101,"column":96},"skip":true},"28":{"start":{"line":103,"column":16},"end":{"line":103,"column":22},"skip":true},"29":{"start":{"line":106,"column":16},"end":{"line":106,"column":22},"skip":true},"30":{"start":{"line":108,"column":12},"end":{"line":120,"column":13},"skip":true},"31":{"start":{"line":114,"column":16},"end":{"line":119,"column":17},"skip":true},"32":{"start":{"line":116,"column":20},"end":{"line":116,"column":78},"skip":true},"33":{"start":{"line":118,"column":20},"end":{"line":118,"column":47},"skip":true},"34":{"start":{"line":123,"column":8},"end":{"line":141,"column":11},"skip":true},"35":{"start":{"line":124,"column":12},"end":{"line":124,"column":54},"skip":true},"36":{"start":{"line":125,"column":12},"end":{"line":140,"column":14},"skip":true},"37":{"start":{"line":126,"column":16},"end":{"line":126,"column":28},"skip":true},"38":{"start":{"line":127,"column":16},"end":{"line":127,"column":69},"skip":true},"39":{"start":{"line":128,"column":16},"end":{"line":128,"column":75},"skip":true},"40":{"start":{"line":129,"column":16},"end":{"line":131,"column":17},"skip":true},"41":{"start":{"line":130,"column":20},"end":{"line":130,"column":27},"skip":true},"42":{"start":{"line":133,"column":16},"end":{"line":137,"column":36},"skip":true},"43":{"start":{"line":134,"column":20},"end":{"line":136,"column":55},"skip":true},"44":{"start":{"line":139,"column":16},"end":{"line":139,"column":57},"skip":true},"45":{"start":{"line":143,"column":8},"end":{"line":147,"column":11},"skip":true},"46":{"start":{"line":144,"column":12},"end":{"line":146,"column":15},"skip":true},"47":{"start":{"line":145,"column":16},"end":{"line":145,"column":70},"skip":true},"48":{"start":{"line":149,"column":8},"end":{"line":149,"column":31},"skip":true},"49":{"start":{"line":150,"column":8},"end":{"line":150,"column":14},"skip":true},"50":{"start":{"line":158,"column":8},"end":{"line":158,"column":31},"skip":true},"51":{"start":{"line":160,"column":8},"end":{"line":160,"column":33},"skip":true},"52":{"start":{"line":161,"column":8},"end":{"line":161,"column":37},"skip":true},"53":{"start":{"line":162,"column":8},"end":{"line":162,"column":35},"skip":true},"54":{"start":{"line":164,"column":8},"end":{"line":164,"column":50},"skip":true},"55":{"start":{"line":166,"column":8},"end":{"line":256,"column":2},"skip":true},"56":{"start":{"line":258,"column":8},"end":{"line":286,"column":9},"skip":true},"57":{"start":{"line":259,"column":12},"end":{"line":269,"column":14},"skip":true},"58":{"start":{"line":271,"column":12},"end":{"line":285,"column":19},"skip":true},"59":{"start":{"line":274,"column":20},"end":{"line":274,"column":35},"skip":true},"60":{"start":{"line":275,"column":20},"end":{"line":284,"column":21},"skip":true},"61":{"start":{"line":277,"column":24},"end":{"line":277,"column":64},"skip":true},"62":{"start":{"line":279,"column":24},"end":{"line":279,"column":40},"skip":true},"63":{"start":{"line":281,"column":24},"end":{"line":281,"column":40},"skip":true},"64":{"start":{"line":283,"column":24},"end":{"line":283,"column":39},"skip":true},"65":{"start":{"line":288,"column":8},"end":{"line":290,"column":9},"skip":true},"66":{"start":{"line":289,"column":12},"end":{"line":289,"column":18},"skip":true},"67":{"start":{"line":291,"column":8},"end":{"line":293,"column":54},"skip":true},"68":{"start":{"line":296,"column":8},"end":{"line":301,"column":37},"skip":true},"69":{"start":{"line":303,"column":8},"end":{"line":303,"column":82},"skip":true},"70":{"start":{"line":306,"column":8},"end":{"line":308,"column":9},"skip":true},"71":{"start":{"line":307,"column":12},"end":{"line":307,"column":82},"skip":true},"72":{"start":{"line":310,"column":8},"end":{"line":312,"column":9},"skip":true},"73":{"start":{"line":311,"column":12},"end":{"line":311,"column":18},"skip":true},"74":{"start":{"line":313,"column":8},"end":{"line":313,"column":54},"skip":true},"75":{"start":{"line":314,"column":8},"end":{"line":314,"column":69},"skip":true},"76":{"start":{"line":315,"column":8},"end":{"line":323,"column":36},"skip":true},"77":{"start":{"line":316,"column":12},"end":{"line":316,"column":61},"skip":true},"78":{"start":{"line":317,"column":12},"end":{"line":320,"column":13},"skip":true},"79":{"start":{"line":318,"column":16},"end":{"line":318,"column":75},"skip":true},"80":{"start":{"line":319,"column":16},"end":{"line":319,"column":23},"skip":true},"81":{"start":{"line":321,"column":12},"end":{"line":321,"column":38},"skip":true},"82":{"start":{"line":322,"column":12},"end":{"line":322,"column":27},"skip":true},"83":{"start":{"line":324,"column":8},"end":{"line":324,"column":14},"skip":true}},"branchMap":{"1":{"line":39,"type":"binary-expr","locations":[{"start":{"line":39,"column":23},"end":{"line":39,"column":62}},{"start":{"line":40,"column":20},"end":{"line":40,"column":70}},{"start":{"line":41,"column":20},"end":{"line":41,"column":71}},{"start":{"line":42,"column":20},"end":{"line":42,"column":29}}]},"2":{"line":44,"type":"binary-expr","locations":[{"start":{"line":44,"column":23},"end":{"line":44,"column":37}},{"start":{"line":45,"column":20},"end":{"line":45,"column":61}},{"start":{"line":46,"column":20},"end":{"line":46,"column":70}},{"start":{"line":47,"column":20},"end":{"line":47,"column":26}}]},"3":{"line":51,"type":"cond-expr","locations":[{"start":{"line":52,"column":14},"end":{"line":52,"column":20}},{"start":{"line":53,"column":14},"end":{"line":53,"column":20}}]},"4":{"line":55,"type":"binary-expr","locations":[{"start":{"line":55,"column":16},"end":{"line":55,"column":44}},{"start":{"line":55,"column":49},"end":{"line":57,"column":43}}]},"5":{"line":55,"type":"cond-expr","locations":[{"start":{"line":56,"column":14},"end":{"line":56,"column":52}},{"start":{"line":57,"column":14},"end":{"line":57,"column":43}}]},"6":{"line":61,"type":"switch","locations":[{"start":{"line":68,"column":4},"end":{"line":150,"column":14},"skip":true},{"start":{"line":156,"column":4},"end":{"line":324,"column":14},"skip":true}]},"7":{"line":70,"type":"if","locations":[{"start":{"line":70,"column":12},"end":{"line":70,"column":12},"skip":true},{"start":{"line":70,"column":12},"end":{"line":70,"column":12},"skip":true}]},"8":{"line":70,"type":"binary-expr","locations":[{"start":{"line":70,"column":16},"end":{"line":70,"column":22},"skip":true},{"start":{"line":70,"column":27},"end":{"line":70,"column":32},"skip":true},{"start":{"line":71,"column":20},"end":{"line":71,"column":39},"skip":true},{"start":{"line":72,"column":20},"end":{"line":72,"column":49},"skip":true},{"start":{"line":73,"column":20},"end":{"line":73,"column":58},"skip":true},{"start":{"line":74,"column":20},"end":{"line":74,"column":69},"skip":true}]},"9":{"line":79,"type":"switch","locations":[{"start":{"line":80,"column":20},"end":{"line":80,"column":33},"skip":true},{"start":{"line":81,"column":20},"end":{"line":83,"column":30},"skip":true},{"start":{"line":84,"column":20},"end":{"line":85,"column":49},"skip":true}]},"10":{"line":89,"type":"switch","locations":[{"start":{"line":90,"column":12},"end":{"line":103,"column":22},"skip":true},{"start":{"line":105,"column":12},"end":{"line":106,"column":22},"skip":true}]},"11":{"line":89,"type":"binary-expr","locations":[{"start":{"line":89,"column":20},"end":{"line":89,"column":25},"skip":true},{"start":{"line":89,"column":29},"end":{"line":89,"column":48},"skip":true},{"start":{"line":89,"column":52},"end":{"line":89,"column":74},"skip":true}]},"12":{"line":92,"type":"if","locations":[{"start":{"line":92,"column":16},"end":{"line":92,"column":16},"skip":true},{"start":{"line":92,"column":16},"end":{"line":92,"column":16},"skip":true}]},"13":{"line":108,"type":"if","locations":[{"start":{"line":108,"column":12},"end":{"line":108,"column":12},"skip":true},{"start":{"line":108,"column":12},"end":{"line":108,"column":12},"skip":true}]},"14":{"line":108,"type":"binary-expr","locations":[{"start":{"line":108,"column":16},"end":{"line":108,"column":61},"skip":true},{"start":{"line":108,"column":66},"end":{"line":108,"column":72},"skip":true},{"start":{"line":108,"column":77},"end":{"line":108,"column":82},"skip":true},{"start":{"line":109,"column":20},"end":{"line":109,"column":39},"skip":true},{"start":{"line":110,"column":20},"end":{"line":110,"column":49},"skip":true},{"start":{"line":111,"column":20},"end":{"line":111,"column":58},"skip":true},{"start":{"line":112,"column":20},"end":{"line":112,"column":68},"skip":true}]},"15":{"line":129,"type":"if","locations":[{"start":{"line":129,"column":16},"end":{"line":129,"column":16},"skip":true},{"start":{"line":129,"column":16},"end":{"line":129,"column":16},"skip":true}]},"16":{"line":134,"type":"cond-expr","locations":[{"start":{"line":135,"column":26},"end":{"line":135,"column":29},"skip":true},{"start":{"line":136,"column":26},"end":{"line":136,"column":54},"skip":true}]},"17":{"line":164,"type":"binary-expr","locations":[{"start":{"line":164,"column":27},"end":{"line":164,"column":43},"skip":true},{"start":{"line":164,"column":47},"end":{"line":164,"column":49},"skip":true}]},"18":{"line":258,"type":"if","locations":[{"start":{"line":258,"column":8},"end":{"line":258,"column":8},"skip":true},{"start":{"line":258,"column":8},"end":{"line":258,"column":8},"skip":true}]},"19":{"line":275,"type":"switch","locations":[{"start":{"line":276,"column":20},"end":{"line":277,"column":64},"skip":true},{"start":{"line":278,"column":20},"end":{"line":279,"column":40},"skip":true},{"start":{"line":280,"column":20},"end":{"line":281,"column":40},"skip":true},{"start":{"line":282,"column":20},"end":{"line":283,"column":39},"skip":true}]},"20":{"line":288,"type":"if","locations":[{"start":{"line":288,"column":8},"end":{"line":288,"column":8},"skip":true},{"start":{"line":288,"column":8},"end":{"line":288,"column":8},"skip":true}]},"21":{"line":288,"type":"binary-expr","locations":[{"start":{"line":288,"column":12},"end":{"line":288,"column":40},"skip":true},{"start":{"line":288,"column":44},"end":{"line":288,"column":67},"skip":true}]},"22":{"line":292,"type":"binary-expr","locations":[{"start":{"line":292,"column":12},"end":{"line":292,"column":50},"skip":true},{"start":{"line":293,"column":12},"end":{"line":293,"column":53},"skip":true}]},"23":{"line":297,"type":"binary-expr","locations":[{"start":{"line":297,"column":12},"end":{"line":297,"column":66},"skip":true},{"start":{"line":298,"column":12},"end":{"line":301,"column":36},"skip":true}]},"24":{"line":303,"type":"binary-expr","locations":[{"start":{"line":303,"column":43},"end":{"line":303,"column":75},"skip":true},{"start":{"line":303,"column":79},"end":{"line":303,"column":81},"skip":true}]},"25":{"line":306,"type":"if","locations":[{"start":{"line":306,"column":8},"end":{"line":306,"column":8},"skip":true},{"start":{"line":306,"column":8},"end":{"line":306,"column":8},"skip":true}]},"26":{"line":310,"type":"if","locations":[{"start":{"line":310,"column":8},"end":{"line":310,"column":8},"skip":true},{"start":{"line":310,"column":8},"end":{"line":310,"column":8},"skip":true}]},"27":{"line":313,"type":"binary-expr","locations":[{"start":{"line":313,"column":27},"end":{"line":313,"column":43},"skip":true},{"start":{"line":313,"column":47},"end":{"line":313,"column":53},"skip":true}]},"28":{"line":317,"type":"if","locations":[{"start":{"line":317,"column":12},"end":{"line":317,"column":12},"skip":true},{"start":{"line":317,"column":12},"end":{"line":317,"column":12},"skip":true}]}},"code":["/*","example.js","","quickstart example","","instruction","    1. save this script as example.js","    2. run the shell command:","        $ npm install npmtest-bottlejs && PORT=8081 node example.js","    3. play with the browser-demo on http://127.0.0.1:8081","*/","","","","/* istanbul instrument in package npmtest_bottlejs */","/*jslint","    bitwise: true,","    browser: true,","    maxerr: 8,","    maxlen: 96,","    node: true,","    nomen: true,","    regexp: true,","    stupid: true","*/","(function () {","    'use strict';","    var local;","","","","    // run shared js-env code - pre-init","    (function () {","        // init local","        local = {};","        // init modeJs","        local.modeJs = (function () {","            try {","                return typeof navigator.userAgent === 'string' &&","                    typeof document.querySelector('body') === 'object' &&","                    typeof XMLHttpRequest.prototype.open === 'function' &&","                    'browser';","            } catch (errorCaughtBrowser) {","                return module.exports &&","                    typeof process.versions.node === 'string' &&","                    typeof require('http').createServer === 'function' &&","                    'node';","            }","        }());","        // init global","        local.global = local.modeJs === 'browser'","            ? window","            : global;","        // init utility2_rollup","        local = local.global.utility2_rollup || (local.modeJs === 'browser'","            ? local.global.utility2_npmtest_bottlejs","            : global.utility2_moduleExports);","        // export local","        local.global.local = local;","    }());","    switch (local.modeJs) {","","","","    // post-init","    // run browser js-env code - post-init","    /* istanbul ignore next */","    case 'browser':","        local.testRunBrowser = function (event) {","            if (!event || (event &&","                    event.currentTarget &&","                    event.currentTarget.className &&","                    event.currentTarget.className.includes &&","                    event.currentTarget.className.includes('onreset'))) {","                // reset output","                Array.from(","                    document.querySelectorAll('body > .resettable')","                ).forEach(function (element) {","                    switch (element.tagName) {","                    case 'INPUT':","                    case 'TEXTAREA':","                        element.value = '';","                        break;","                    default:","                        element.textContent = '';","                    }","                });","            }","            switch (event && event.currentTarget && event.currentTarget.id) {","            case 'testRunButton1':","                // show tests","                if (document.querySelector('#testReportDiv1').style.display === 'none') {","                    document.querySelector('#testReportDiv1').style.display = 'block';","                    document.querySelector('#testRunButton1').textContent =","                        'hide internal test';","                    local.modeTest = true;","                    local.testRunDefault(local);","                // hide tests","                } else {","                    document.querySelector('#testReportDiv1').style.display = 'none';","                    document.querySelector('#testRunButton1').textContent = 'run internal test';","                }","                break;","            // custom-case","            default:","                break;","            }","            if (document.querySelector('#inputTextareaEval1') && (!event || (event &&","                    event.currentTarget &&","                    event.currentTarget.className &&","                    event.currentTarget.className.includes &&","                    event.currentTarget.className.includes('oneval')))) {","                // try to eval input-code","                try {","                    /*jslint evil: true*/","                    eval(document.querySelector('#inputTextareaEval1').value);","                } catch (errorCaught) {","                    console.error(errorCaught);","                }","            }","        };","        // log stderr and stdout to #outputTextareaStdout1","        ['error', 'log'].forEach(function (key) {","            console[key + '_original'] = console[key];","            console[key] = function () {","                var element;","                console[key + '_original'].apply(console, arguments);","                element = document.querySelector('#outputTextareaStdout1');","                if (!element) {","                    return;","                }","                // append text to #outputTextareaStdout1","                element.value += Array.from(arguments).map(function (arg) {","                    return typeof arg === 'string'","                        ? arg","                        : JSON.stringify(arg, null, 4);","                }).join(' ') + '\\n';","                // scroll textarea to bottom","                element.scrollTop = element.scrollHeight;","            };","        });","        // init event-handling","        ['change', 'click', 'keyup'].forEach(function (event) {","            Array.from(document.querySelectorAll('.on' + event)).forEach(function (element) {","                element.addEventListener(event, local.testRunBrowser);","            });","        });","        // run tests","        local.testRunBrowser();","        break;","","","","    // run node js-env code - post-init","    /* istanbul ignore next */","    case 'node':","        // export local","        module.exports = local;","        // require modules","        local.fs = require('fs');","        local.http = require('http');","        local.url = require('url');","        // init assets","        local.assetsDict = local.assetsDict || {};","        /* jslint-ignore-begin */","        local.assetsDict['/assets.index.template.html'] = '\\","<!doctype html>\\n\\","<html lang=\"en\">\\n\\","<head>\\n\\","<meta charset=\"UTF-8\">\\n\\","<meta name=\"viewport\" content=\"width=device-width, initial-scale=1\">\\n\\","<title>{{env.npm_package_name}} (v{{env.npm_package_version}})</title>\\n\\","<style>\\n\\","/*csslint\\n\\","    box-sizing: false,\\n\\","    universal-selector: false\\n\\","*/\\n\\","* {\\n\\","    box-sizing: border-box;\\n\\","}\\n\\","body {\\n\\","    background: #dde;\\n\\","    font-family: Arial, Helvetica, sans-serif;\\n\\","    margin: 2rem;\\n\\","}\\n\\","body > * {\\n\\","    margin-bottom: 1rem;\\n\\","}\\n\\",".utility2FooterDiv {\\n\\","    margin-top: 20px;\\n\\","    text-align: center;\\n\\","}\\n\\","</style>\\n\\","<style>\\n\\","/*csslint\\n\\","*/\\n\\","textarea {\\n\\","    font-family: monospace;\\n\\","    height: 10rem;\\n\\","    width: 100%;\\n\\","}\\n\\","textarea[readonly] {\\n\\","    background: #ddd;\\n\\","}\\n\\","</style>\\n\\","</head>\\n\\","<body>\\n\\","<!-- utility2-comment\\n\\","<div id=\"ajaxProgressDiv1\" style=\"background: #d00; height: 2px; left: 0; margin: 0; padding: 0; position: fixed; top: 0; transition: background 0.5s, width 1.5s; width: 25%;\"></div>\\n\\","utility2-comment -->\\n\\","<h1>\\n\\","<!-- utility2-comment\\n\\","    <a\\n\\","        {{#if env.npm_package_homepage}}\\n\\","        href=\"{{env.npm_package_homepage}}\"\\n\\","        {{/if env.npm_package_homepage}}\\n\\","        target=\"_blank\"\\n\\","    >\\n\\","utility2-comment -->\\n\\","        {{env.npm_package_name}} (v{{env.npm_package_version}})\\n\\","<!-- utility2-comment\\n\\","    </a>\\n\\","utility2-comment -->\\n\\","</h1>\\n\\","<h3>{{env.npm_package_description}}</h3>\\n\\","<!-- utility2-comment\\n\\","<h4><a download href=\"assets.app.js\">download standalone app</a></h4>\\n\\","<button class=\"onclick onreset\" id=\"testRunButton1\">run internal test</button><br>\\n\\","<div id=\"testReportDiv1\" style=\"display: none;\"></div>\\n\\","utility2-comment -->\\n\\","\\n\\","\\n\\","\\n\\","<label>stderr and stdout</label>\\n\\","<textarea class=\"resettable\" id=\"outputTextareaStdout1\" readonly></textarea>\\n\\","<!-- utility2-comment\\n\\","{{#if isRollup}}\\n\\","<script src=\"assets.app.js\"></script>\\n\\","{{#unless isRollup}}\\n\\","utility2-comment -->\\n\\","<script src=\"assets.utility2.rollup.js\"></script>\\n\\","<script src=\"jsonp.utility2._stateInit?callback=window.utility2._stateInit\"></script>\\n\\","<script src=\"assets.npmtest_bottlejs.rollup.js\"></script>\\n\\","<script src=\"assets.example.js\"></script>\\n\\","<script src=\"assets.test.js\"></script>\\n\\","<!-- utility2-comment\\n\\","{{/if isRollup}}\\n\\","utility2-comment -->\\n\\","<div class=\"utility2FooterDiv\">\\n\\","    [ this app was created with\\n\\","    <a href=\"https://github.com/kaizhu256/node-utility2\" target=\"_blank\">utility2</a>\\n\\","    ]\\n\\","</div>\\n\\","</body>\\n\\","</html>\\n\\","';","        /* jslint-ignore-end */","        if (local.templateRender) {","            local.assetsDict['/'] = local.templateRender(","                local.assetsDict['/assets.index.template.html'],","                {","                    env: local.objectSetDefault(local.env, {","                        npm_package_description: 'the greatest app in the world!',","                        npm_package_name: 'my-app',","                        npm_package_nameAlias: 'my_app',","                        npm_package_version: '0.0.1'","                    })","                }","            );","        } else {","            local.assetsDict['/'] = local.assetsDict['/assets.index.template.html']","                .replace((/\\{\\{env\\.(\\w+?)\\}\\}/g), function (match0, match1) {","                    // jslint-hack","                    String(match0);","                    switch (match1) {","                    case 'npm_package_description':","                        return 'the greatest app in the world!';","                    case 'npm_package_name':","                        return 'my-app';","                    case 'npm_package_nameAlias':","                        return 'my_app';","                    case 'npm_package_version':","                        return '0.0.1';","                    }","                });","        }","        // run the cli","        if (local.global.utility2_rollup || module !== require.main) {","            break;","        }","        local.assetsDict['/assets.example.js'] =","            local.assetsDict['/assets.example.js'] ||","            local.fs.readFileSync(__filename, 'utf8');","        // bug-workaround - long $npm_package_buildCustomOrg","        /* jslint-ignore-begin */","        local.assetsDict['/assets.npmtest_bottlejs.rollup.js'] =","            local.assetsDict['/assets.npmtest_bottlejs.rollup.js'] ||","            local.fs.readFileSync(","                local.npmtest_bottlejs.__dirname + '/lib.npmtest_bottlejs.js',","                'utf8'","            ).replace((/^#!/), '//');","        /* jslint-ignore-end */","        local.assetsDict['/favicon.ico'] = local.assetsDict['/favicon.ico'] || '';","        // if $npm_config_timeout_exit exists,","        // then exit this process after $npm_config_timeout_exit ms","        if (Number(process.env.npm_config_timeout_exit)) {","            setTimeout(process.exit, Number(process.env.npm_config_timeout_exit));","        }","        // start server","        if (local.global.utility2_serverHttp1) {","            break;","        }","        process.env.PORT = process.env.PORT || '8081';","        console.error('server starting on port ' + process.env.PORT);","        local.http.createServer(function (request, response) {","            request.urlParsed = local.url.parse(request.url);","            if (local.assetsDict[request.urlParsed.pathname] !== undefined) {","                response.end(local.assetsDict[request.urlParsed.pathname]);","                return;","            }","            response.statusCode = 404;","            response.end();","        }).listen(process.env.PORT);","        break;","    }","}());",""],"l":{"26":2,"28":2,"33":2,"35":2,"37":2,"38":2,"39":2,"44":1,"51":2,"55":2,"59":2,"61":2,"69":1,"70":2,"76":2,"79":2,"82":2,"83":2,"85":1,"89":2,"92":1,"93":1,"94":1,"96":1,"97":1,"100":1,"101":1,"103":1,"106":1,"108":2,"114":1,"116":1,"118":1,"123":1,"124":2,"125":2,"126":3,"127":3,"128":3,"129":3,"130":1,"133":3,"134":3,"139":3,"143":1,"144":3,"145":1,"149":1,"150":1,"158":1,"160":1,"161":1,"162":1,"164":1,"166":1,"258":1,"259":1,"271":1,"274":6,"275":6,"277":1,"279":2,"281":1,"283":2,"288":1,"289":1,"291":1,"296":1,"303":1,"306":1,"307":1,"310":1,"311":1,"313":1,"314":1,"315":1,"316":1,"317":1,"318":1,"319":1,"321":1,"322":1,"324":1}},"/home/travis/build/npmtest/node-npmtest-bottlejs/node_modules/bottlejs/dist/bottle.js":{"path":"/home/travis/build/npmtest/node-npmtest-bottlejs/node_modules/bottlejs/dist/bottle.js","s":{"1":1,"2":1,"3":1,"4":1,"5":0,"6":0,"7":0,"8":0,"9":1,"10":0,"11":1,"12":0,"13":1,"14":0,"15":0,"16":0,"17":0,"18":1,"19":0,"20":1,"21":0,"22":0,"23":0,"24":0,"25":0,"26":0,"27":0,"28":0,"29":0,"30":0,"31":0,"32":0,"33":1,"34":0,"35":0,"36":1,"37":0,"38":1,"39":0,"40":0,"41":1,"42":0,"43":0,"44":1,"45":0,"46":1,"47":0,"48":1,"49":0,"50":0,"51":0,"52":0,"53":0,"54":0,"55":0,"56":0,"57":0,"58":0,"59":0,"60":0,"61":0,"62":0,"63":0,"64":1,"65":0,"66":0,"67":0,"68":0,"69":0,"70":0,"71":0,"72":0,"73":0,"74":0,"75":0,"76":0,"77":1,"78":1,"79":0,"80":0,"81":0,"82":0,"83":0,"84":0,"85":0,"86":0,"87":1,"88":0,"89":0,"90":0,"91":1,"92":0,"93":1,"94":0,"95":0,"96":0,"97":0,"98":0,"99":0,"100":0,"101":0,"102":0,"103":0,"104":0,"105":1,"106":0,"107":1,"108":0,"109":0,"110":0,"111":0,"112":0,"113":0,"114":0,"115":0,"116":0,"117":0,"118":0,"119":0,"120":0,"121":0,"122":0,"123":0,"124":0,"125":0,"126":0,"127":0,"128":0,"129":0,"130":1,"131":0,"132":0,"133":0,"134":0,"135":0,"136":1,"137":0,"138":0,"139":1,"140":0,"141":0,"142":0,"143":1,"144":0,"145":0,"146":0,"147":0,"148":0,"149":0,"150":0,"151":0,"152":1,"153":0,"154":0,"155":0,"156":1,"157":0,"158":0,"159":0,"160":0,"161":0,"162":0,"163":0,"164":0,"165":1,"166":0,"167":0,"168":0,"169":0,"170":0,"171":1,"172":0,"173":0,"174":0,"175":0,"176":0,"177":1,"178":0,"179":1,"180":0,"181":0,"182":0,"183":0,"184":0,"185":0,"186":0,"187":0,"188":0,"189":0,"190":1,"191":1,"192":1,"193":1,"194":1,"195":1,"196":1,"197":1,"198":1,"199":1,"200":1,"201":1,"202":1,"203":1,"204":0,"205":0,"206":0,"207":1,"208":1,"209":1,"210":0,"211":0},"b":{"1":[0,0],"2":[0,0],"3":[0,0],"4":[0,0],"5":[0,0],"6":[0,0],"7":[0,0],"8":[0,0,0],"9":[0,0],"10":[0,0],"11":[0,0],"12":[0,0],"13":[0,0],"14":[0,0],"15":[0,0],"16":[0,0],"17":[0,0],"18":[0,0],"19":[0,0,0],"20":[0,0],"21":[0,0],"22":[0,0],"23":[0,0],"24":[0,0],"25":[0,0],"26":[0,0],"27":[0,0],"28":[0,0],"29":[0,0],"30":[0,0],"31":[0,0],"32":[0,0],"33":[1,1,1,1],"34":[1,1,1,1],"35":[1,1,1],"36":[1,1],"37":[1,0],"38":[1,1,0],"39":[0,1],"40":[1,0,0],"41":[1,0],"42":[1,1],"43":[1,0],"44":[1,0,1]},"f":{"1":1,"2":0,"3":0,"4":0,"5":0,"6":0,"7":0,"8":0,"9":0,"10":0,"11":0,"12":0,"13":0,"14":0,"15":0,"16":0,"17":0,"18":0,"19":0,"20":0,"21":0,"22":0,"23":0,"24":0,"25":0,"26":0,"27":0,"28":0,"29":0,"30":0,"31":0,"32":0,"33":0,"34":0,"35":0,"36":0,"37":0,"38":0,"39":0,"40":0,"41":0,"42":1,"43":0},"fnMap":{"1":{"name":"(anonymous_1)","line":1,"loc":{"start":{"line":1,"column":2},"end":{"line":1,"column":22}}},"2":{"name":"getNested","line":36,"loc":{"start":{"line":36,"column":20},"end":{"line":36,"column":50}}},"3":{"name":"getNestedBottle","line":50,"loc":{"start":{"line":50,"column":26},"end":{"line":50,"column":57}}},"4":{"name":"getNestedService","line":60,"loc":{"start":{"line":60,"column":27},"end":{"line":60,"column":63}}},"5":{"name":"constant","line":71,"loc":{"start":{"line":71,"column":19},"end":{"line":71,"column":50}}},"6":{"name":"defineConstant","line":78,"loc":{"start":{"line":78,"column":25},"end":{"line":78,"column":62}}},"7":{"name":"decorator","line":94,"loc":{"start":{"line":94,"column":20},"end":{"line":94,"column":55}}},"8":{"name":"defer","line":120,"loc":{"start":{"line":120,"column":16},"end":{"line":120,"column":37}}},"9":{"name":"digest","line":132,"loc":{"start":{"line":132,"column":17},"end":{"line":132,"column":43}}},"10":{"name":"factory","line":143,"loc":{"start":{"line":143,"column":18},"end":{"line":143,"column":50}}},"11":{"name":"GenericProvider","line":144,"loc":{"start":{"line":144,"column":41},"end":{"line":144,"column":68}}},"12":{"name":"instanceFactory","line":157,"loc":{"start":{"line":157,"column":26},"end":{"line":157,"column":66}}},"13":{"name":"GenericInstanceFactory","line":158,"loc":{"start":{"line":158,"column":40},"end":{"line":158,"column":83}}},"14":{"name":"byMethod","line":168,"loc":{"start":{"line":168,"column":19},"end":{"line":168,"column":43}}},"15":{"name":"list","line":178,"loc":{"start":{"line":178,"column":15},"end":{"line":178,"column":40}}},"16":{"name":"applyMiddleware","line":191,"loc":{"start":{"line":191,"column":26},"end":{"line":191,"column":90}}},"17":{"name":"getWithMiddlewear","line":197,"loc":{"start":{"line":197,"column":29},"end":{"line":197,"column":58}}},"18":{"name":"nextMiddleware","line":199,"loc":{"start":{"line":199,"column":27},"end":{"line":199,"column":56}}},"19":{"name":"middleware","line":227,"loc":{"start":{"line":227,"column":21},"end":{"line":227,"column":57}}},"20":{"name":"pop","line":263,"loc":{"start":{"line":263,"column":14},"end":{"line":263,"column":33}}},"21":{"name":"clear","line":279,"loc":{"start":{"line":279,"column":16},"end":{"line":279,"column":37}}},"22":{"name":"reducer","line":294,"loc":{"start":{"line":294,"column":18},"end":{"line":294,"column":51}}},"23":{"name":"provider","line":305,"loc":{"start":{"line":305,"column":19},"end":{"line":305,"column":57}}},"24":{"name":"getWithGlobal","line":328,"loc":{"start":{"line":328,"column":24},"end":{"line":328,"column":65}}},"25":{"name":"createProvider","line":339,"loc":{"start":{"line":339,"column":25},"end":{"line":339,"column":65}}},"26":{"name":"getProvider","line":352,"loc":{"start":{"line":352,"column":18},"end":{"line":352,"column":41}}},"27":{"name":"getService","line":363,"loc":{"start":{"line":363,"column":18},"end":{"line":363,"column":40}}},"28":{"name":"createSubProvider","line":391,"loc":{"start":{"line":391,"column":28},"end":{"line":391,"column":78}}},"29":{"name":"SubProviderFactory","line":394,"loc":{"start":{"line":394,"column":27},"end":{"line":394,"column":57}}},"30":{"name":"register","line":415,"loc":{"start":{"line":415,"column":19},"end":{"line":415,"column":42}}},"31":{"name":"resetProvider","line":426,"loc":{"start":{"line":426,"column":28},"end":{"line":426,"column":57}}},"32":{"name":"resetProviders","line":437,"loc":{"start":{"line":437,"column":25},"end":{"line":437,"column":51}}},"33":{"name":"resetPrvider","line":439,"loc":{"start":{"line":439,"column":52},"end":{"line":439,"column":84}}},"34":{"name":"resolve","line":457,"loc":{"start":{"line":457,"column":18},"end":{"line":457,"column":41}}},"35":{"name":"deferredIterator","line":458,"loc":{"start":{"line":458,"column":30},"end":{"line":458,"column":62}}},"36":{"name":"service","line":472,"loc":{"start":{"line":472,"column":18},"end":{"line":472,"column":50}}},"37":{"name":"GenericFactory","line":475,"loc":{"start":{"line":475,"column":40},"end":{"line":475,"column":66}}},"38":{"name":"value","line":492,"loc":{"start":{"line":492,"column":16},"end":{"line":492,"column":42}}},"39":{"name":"setValueObject","line":506,"loc":{"start":{"line":506,"column":25},"end":{"line":506,"column":66}}},"40":{"name":"defineValue","line":523,"loc":{"start":{"line":523,"column":22},"end":{"line":523,"column":54}}},"41":{"name":"Bottle","line":538,"loc":{"start":{"line":538,"column":17},"end":{"line":538,"column":39}}},"42":{"name":"exportBottle","line":608,"loc":{"start":{"line":608,"column":5},"end":{"line":608,"column":33}}},"43":{"name":"(anonymous_43)","line":646,"loc":{"start":{"line":646,"column":19},"end":{"line":646,"column":30}}}},"statementMap":{"1":{"start":{"line":1,"column":1},"end":{"line":658,"column":14}},"2":{"start":{"line":16,"column":4},"end":{"line":16,"column":15}},"3":{"start":{"line":23,"column":4},"end":{"line":23,"column":38}},"4":{"start":{"line":36,"column":4},"end":{"line":42,"column":6}},"5":{"start":{"line":37,"column":8},"end":{"line":37,"column":32}},"6":{"start":{"line":38,"column":8},"end":{"line":40,"column":9}},"7":{"start":{"line":39,"column":12},"end":{"line":39,"column":101}},"8":{"start":{"line":41,"column":8},"end":{"line":41,"column":23}},"9":{"start":{"line":50,"column":4},"end":{"line":52,"column":6}},"10":{"start":{"line":51,"column":8},"end":{"line":51,"column":71}},"11":{"start":{"line":60,"column":4},"end":{"line":62,"column":6}},"12":{"start":{"line":61,"column":8},"end":{"line":61,"column":59}},"13":{"start":{"line":71,"column":4},"end":{"line":76,"column":6}},"14":{"start":{"line":72,"column":8},"end":{"line":72,"column":36}},"15":{"start":{"line":73,"column":8},"end":{"line":73,"column":27}},"16":{"start":{"line":74,"column":8},"end":{"line":74,"column":87}},"17":{"start":{"line":75,"column":8},"end":{"line":75,"column":20}},"18":{"start":{"line":78,"column":4},"end":{"line":85,"column":6}},"19":{"start":{"line":79,"column":8},"end":{"line":84,"column":11}},"20":{"start":{"line":94,"column":4},"end":{"line":112,"column":6}},"21":{"start":{"line":95,"column":8},"end":{"line":95,"column":24}},"22":{"start":{"line":96,"column":8},"end":{"line":99,"column":9}},"23":{"start":{"line":97,"column":12},"end":{"line":97,"column":28}},"24":{"start":{"line":98,"column":12},"end":{"line":98,"column":36}},"25":{"start":{"line":101,"column":8},"end":{"line":101,"column":36}},"26":{"start":{"line":102,"column":8},"end":{"line":102,"column":29}},"27":{"start":{"line":103,"column":8},"end":{"line":110,"column":9}},"28":{"start":{"line":104,"column":12},"end":{"line":104,"column":78}},"29":{"start":{"line":106,"column":12},"end":{"line":108,"column":13}},"30":{"start":{"line":107,"column":16},"end":{"line":107,"column":43}},"31":{"start":{"line":109,"column":12},"end":{"line":109,"column":45}},"32":{"start":{"line":111,"column":8},"end":{"line":111,"column":20}},"33":{"start":{"line":120,"column":4},"end":{"line":123,"column":6}},"34":{"start":{"line":121,"column":8},"end":{"line":121,"column":33}},"35":{"start":{"line":122,"column":8},"end":{"line":122,"column":20}},"36":{"start":{"line":132,"column":4},"end":{"line":134,"column":6}},"37":{"start":{"line":133,"column":8},"end":{"line":133,"column":70}},"38":{"start":{"line":143,"column":4},"end":{"line":147,"column":6}},"39":{"start":{"line":144,"column":8},"end":{"line":146,"column":11}},"40":{"start":{"line":145,"column":12},"end":{"line":145,"column":32}},"41":{"start":{"line":157,"column":4},"end":{"line":163,"column":6}},"42":{"start":{"line":158,"column":8},"end":{"line":162,"column":11}},"43":{"start":{"line":159,"column":12},"end":{"line":161,"column":14}},"44":{"start":{"line":168,"column":4},"end":{"line":170,"column":6}},"45":{"start":{"line":169,"column":8},"end":{"line":169,"column":71}},"46":{"start":{"line":178,"column":4},"end":{"line":180,"column":6}},"47":{"start":{"line":179,"column":8},"end":{"line":179,"column":79}},"48":{"start":{"line":191,"column":4},"end":{"line":218,"column":6}},"49":{"start":{"line":192,"column":8},"end":{"line":195,"column":10}},"50":{"start":{"line":196,"column":8},"end":{"line":213,"column":9}},"51":{"start":{"line":197,"column":12},"end":{"line":209,"column":14}},"52":{"start":{"line":198,"column":16},"end":{"line":198,"column":30}},"53":{"start":{"line":199,"column":16},"end":{"line":206,"column":18}},"54":{"start":{"line":200,"column":20},"end":{"line":202,"column":21}},"55":{"start":{"line":201,"column":24},"end":{"line":201,"column":34}},"56":{"start":{"line":203,"column":20},"end":{"line":205,"column":21}},"57":{"start":{"line":204,"column":24},"end":{"line":204,"column":60}},"58":{"start":{"line":207,"column":16},"end":{"line":207,"column":23}},"59":{"start":{"line":208,"column":16},"end":{"line":208,"column":32}},"60":{"start":{"line":211,"column":12},"end":{"line":211,"column":40}},"61":{"start":{"line":212,"column":12},"end":{"line":212,"column":39}},"62":{"start":{"line":215,"column":8},"end":{"line":215,"column":59}},"63":{"start":{"line":217,"column":8},"end":{"line":217,"column":31}},"64":{"start":{"line":227,"column":4},"end":{"line":245,"column":6}},"65":{"start":{"line":228,"column":8},"end":{"line":228,"column":24}},"66":{"start":{"line":229,"column":8},"end":{"line":232,"column":9}},"67":{"start":{"line":230,"column":12},"end":{"line":230,"column":28}},"68":{"start":{"line":231,"column":12},"end":{"line":231,"column":36}},"69":{"start":{"line":234,"column":8},"end":{"line":234,"column":36}},"70":{"start":{"line":235,"column":8},"end":{"line":235,"column":29}},"71":{"start":{"line":236,"column":8},"end":{"line":243,"column":9}},"72":{"start":{"line":237,"column":12},"end":{"line":237,"column":79}},"73":{"start":{"line":239,"column":12},"end":{"line":241,"column":13}},"74":{"start":{"line":240,"column":16},"end":{"line":240,"column":44}},"75":{"start":{"line":242,"column":12},"end":{"line":242,"column":46}},"76":{"start":{"line":244,"column":8},"end":{"line":244,"column":20}},"77":{"start":{"line":252,"column":4},"end":{"line":252,"column":21}},"78":{"start":{"line":263,"column":4},"end":{"line":274,"column":6}},"79":{"start":{"line":264,"column":8},"end":{"line":264,"column":21}},"80":{"start":{"line":265,"column":8},"end":{"line":272,"column":9}},"81":{"start":{"line":266,"column":12},"end":{"line":266,"column":37}},"82":{"start":{"line":267,"column":12},"end":{"line":270,"column":13}},"83":{"start":{"line":268,"column":16},"end":{"line":268,"column":56}},"84":{"start":{"line":269,"column":16},"end":{"line":269,"column":55}},"85":{"start":{"line":271,"column":12},"end":{"line":271,"column":28}},"86":{"start":{"line":273,"column":8},"end":{"line":273,"column":28}},"87":{"start":{"line":279,"column":4},"end":{"line":285,"column":6}},"88":{"start":{"line":280,"column":8},"end":{"line":284,"column":9}},"89":{"start":{"line":281,"column":12},"end":{"line":281,"column":33}},"90":{"start":{"line":283,"column":12},"end":{"line":283,"column":25}},"91":{"start":{"line":294,"column":4},"end":{"line":296,"column":6}},"92":{"start":{"line":295,"column":8},"end":{"line":295,"column":30}},"93":{"start":{"line":305,"column":4},"end":{"line":321,"column":6}},"94":{"start":{"line":306,"column":8},"end":{"line":306,"column":24}},"95":{"start":{"line":307,"column":8},"end":{"line":307,"column":36}},"96":{"start":{"line":308,"column":8},"end":{"line":310,"column":9}},"97":{"start":{"line":309,"column":12},"end":{"line":309,"column":79}},"98":{"start":{"line":311,"column":8},"end":{"line":311,"column":52}},"99":{"start":{"line":312,"column":8},"end":{"line":312,"column":42}},"100":{"start":{"line":314,"column":8},"end":{"line":314,"column":29}},"101":{"start":{"line":316,"column":8},"end":{"line":319,"column":9}},"102":{"start":{"line":317,"column":12},"end":{"line":317,"column":64}},"103":{"start":{"line":318,"column":12},"end":{"line":318,"column":24}},"104":{"start":{"line":320,"column":8},"end":{"line":320,"column":57}},"105":{"start":{"line":328,"column":4},"end":{"line":330,"column":6}},"106":{"start":{"line":329,"column":8},"end":{"line":329,"column":76}},"107":{"start":{"line":339,"column":4},"end":{"line":380,"column":6}},"108":{"start":{"line":340,"column":8},"end":{"line":340,"column":77}},"109":{"start":{"line":342,"column":8},"end":{"line":342,"column":21}},"110":{"start":{"line":343,"column":8},"end":{"line":343,"column":35}},"111":{"start":{"line":344,"column":8},"end":{"line":344,"column":37}},"112":{"start":{"line":345,"column":8},"end":{"line":345,"column":39}},"113":{"start":{"line":346,"column":8},"end":{"line":346,"column":41}},"114":{"start":{"line":348,"column":8},"end":{"line":348,"column":41}},"115":{"start":{"line":349,"column":8},"end":{"line":358,"column":10}},"116":{"start":{"line":353,"column":16},"end":{"line":353,"column":46}},"117":{"start":{"line":354,"column":16},"end":{"line":354,"column":47}},"118":{"start":{"line":355,"column":16},"end":{"line":355,"column":51}},"119":{"start":{"line":356,"column":16},"end":{"line":356,"column":32}},"120":{"start":{"line":360,"column":8},"end":{"line":376,"column":10}},"121":{"start":{"line":364,"column":16},"end":{"line":364,"column":55}},"122":{"start":{"line":365,"column":16},"end":{"line":365,"column":29}},"123":{"start":{"line":366,"column":16},"end":{"line":372,"column":17}},"124":{"start":{"line":368,"column":20},"end":{"line":368,"column":105}},"125":{"start":{"line":370,"column":20},"end":{"line":370,"column":51}},"126":{"start":{"line":371,"column":20},"end":{"line":371,"column":43}},"127":{"start":{"line":373,"column":16},"end":{"line":374,"column":47}},"128":{"start":{"line":378,"column":8},"end":{"line":378,"column":55}},"129":{"start":{"line":379,"column":8},"end":{"line":379,"column":20}},"130":{"start":{"line":391,"column":4},"end":{"line":398,"column":6}},"131":{"start":{"line":392,"column":8},"end":{"line":392,"column":19}},"132":{"start":{"line":393,"column":8},"end":{"line":393,"column":50}},"133":{"start":{"line":394,"column":8},"end":{"line":396,"column":11}},"134":{"start":{"line":395,"column":12},"end":{"line":395,"column":36}},"135":{"start":{"line":397,"column":8},"end":{"line":397,"column":58}},"136":{"start":{"line":415,"column":4},"end":{"line":418,"column":6}},"137":{"start":{"line":416,"column":8},"end":{"line":416,"column":64}},"138":{"start":{"line":417,"column":8},"end":{"line":417,"column":102}},"139":{"start":{"line":426,"column":4},"end":{"line":430,"column":6}},"140":{"start":{"line":427,"column":8},"end":{"line":427,"column":38}},"141":{"start":{"line":428,"column":8},"end":{"line":428,"column":36}},"142":{"start":{"line":429,"column":8},"end":{"line":429,"column":49}},"143":{"start":{"line":437,"column":4},"end":{"line":448,"column":6}},"144":{"start":{"line":438,"column":8},"end":{"line":438,"column":47}},"145":{"start":{"line":439,"column":8},"end":{"line":447,"column":17}},"146":{"start":{"line":440,"column":12},"end":{"line":440,"column":44}},"147":{"start":{"line":441,"column":12},"end":{"line":444,"column":13}},"148":{"start":{"line":442,"column":16},"end":{"line":442,"column":55}},"149":{"start":{"line":443,"column":16},"end":{"line":443,"column":87}},"150":{"start":{"line":445,"column":12},"end":{"line":445,"column":51}},"151":{"start":{"line":446,"column":12},"end":{"line":446,"column":57}},"152":{"start":{"line":457,"column":4},"end":{"line":463,"column":6}},"153":{"start":{"line":458,"column":8},"end":{"line":460,"column":11}},"154":{"start":{"line":459,"column":12},"end":{"line":459,"column":23}},"155":{"start":{"line":462,"column":8},"end":{"line":462,"column":20}},"156":{"start":{"line":472,"column":4},"end":{"line":483,"column":6}},"157":{"start":{"line":473,"column":8},"end":{"line":473,"column":74}},"158":{"start":{"line":474,"column":8},"end":{"line":474,"column":26}},"159":{"start":{"line":475,"column":8},"end":{"line":482,"column":11}},"160":{"start":{"line":476,"column":12},"end":{"line":480,"column":13}},"161":{"start":{"line":477,"column":16},"end":{"line":477,"column":68}},"162":{"start":{"line":478,"column":16},"end":{"line":478,"column":38}},"163":{"start":{"line":479,"column":16},"end":{"line":479,"column":60}},"164":{"start":{"line":481,"column":12},"end":{"line":481,"column":33}},"165":{"start":{"line":492,"column":4},"end":{"line":498,"column":6}},"166":{"start":{"line":493,"column":8},"end":{"line":493,"column":18}},"167":{"start":{"line":494,"column":8},"end":{"line":494,"column":32}},"168":{"start":{"line":495,"column":8},"end":{"line":495,"column":27}},"169":{"start":{"line":496,"column":8},"end":{"line":496,"column":82}},"170":{"start":{"line":497,"column":8},"end":{"line":497,"column":20}},"171":{"start":{"line":506,"column":4},"end":{"line":513,"column":6}},"172":{"start":{"line":507,"column":8},"end":{"line":507,"column":46}},"173":{"start":{"line":508,"column":8},"end":{"line":511,"column":9}},"174":{"start":{"line":509,"column":12},"end":{"line":509,"column":33}},"175":{"start":{"line":510,"column":12},"end":{"line":510,"column":63}},"176":{"start":{"line":512,"column":8},"end":{"line":512,"column":31}},"177":{"start":{"line":523,"column":4},"end":{"line":530,"column":6}},"178":{"start":{"line":524,"column":8},"end":{"line":529,"column":11}},"179":{"start":{"line":538,"column":4},"end":{"line":556,"column":6}},"180":{"start":{"line":539,"column":8},"end":{"line":541,"column":9}},"181":{"start":{"line":540,"column":12},"end":{"line":540,"column":36}},"182":{"start":{"line":543,"column":8},"end":{"line":543,"column":23}},"183":{"start":{"line":545,"column":8},"end":{"line":545,"column":29}},"184":{"start":{"line":546,"column":8},"end":{"line":546,"column":30}},"185":{"start":{"line":547,"column":8},"end":{"line":547,"column":25}},"186":{"start":{"line":548,"column":8},"end":{"line":548,"column":30}},"187":{"start":{"line":549,"column":8},"end":{"line":549,"column":36}},"188":{"start":{"line":550,"column":8},"end":{"line":550,"column":27}},"189":{"start":{"line":551,"column":8},"end":{"line":555,"column":10}},"190":{"start":{"line":561,"column":4},"end":{"line":576,"column":6}},"191":{"start":{"line":581,"column":4},"end":{"line":581,"column":21}},"192":{"start":{"line":582,"column":4},"end":{"line":582,"column":25}},"193":{"start":{"line":583,"column":4},"end":{"line":583,"column":23}},"194":{"start":{"line":588,"column":4},"end":{"line":590,"column":6}},"195":{"start":{"line":603,"column":4},"end":{"line":606,"column":6}},"196":{"start":{"line":608,"column":4},"end":{"line":656,"column":55}},"197":{"start":{"line":615,"column":8},"end":{"line":615,"column":97}},"198":{"start":{"line":622,"column":8},"end":{"line":622,"column":92}},"199":{"start":{"line":629,"column":8},"end":{"line":629,"column":92}},"200":{"start":{"line":636,"column":8},"end":{"line":636,"column":62}},"201":{"start":{"line":637,"column":8},"end":{"line":639,"column":9}},"202":{"start":{"line":638,"column":12},"end":{"line":638,"column":30}},"203":{"start":{"line":644,"column":8},"end":{"line":655,"column":9}},"204":{"start":{"line":645,"column":12},"end":{"line":645,"column":33}},"205":{"start":{"line":646,"column":12},"end":{"line":646,"column":50}},"206":{"start":{"line":646,"column":32},"end":{"line":646,"column":46}},"207":{"start":{"line":647,"column":15},"end":{"line":655,"column":9}},"208":{"start":{"line":648,"column":12},"end":{"line":652,"column":13}},"209":{"start":{"line":649,"column":16},"end":{"line":649,"column":62}},"210":{"start":{"line":651,"column":16},"end":{"line":651,"column":44}},"211":{"start":{"line":654,"column":12},"end":{"line":654,"column":33}}},"branchMap":{"1":{"line":38,"type":"if","locations":[{"start":{"line":38,"column":8},"end":{"line":38,"column":8}},{"start":{"line":38,"column":8},"end":{"line":38,"column":8}}]},"2":{"line":38,"type":"binary-expr","locations":[{"start":{"line":38,"column":12},"end":{"line":38,"column":33}},{"start":{"line":38,"column":37},"end":{"line":38,"column":56}}]},"3":{"line":51,"type":"binary-expr","locations":[{"start":{"line":51,"column":15},"end":{"line":51,"column":32}},{"start":{"line":51,"column":37},"end":{"line":51,"column":69}}]},"4":{"line":96,"type":"if","locations":[{"start":{"line":96,"column":8},"end":{"line":96,"column":8}},{"start":{"line":96,"column":8},"end":{"line":96,"column":8}}]},"5":{"line":103,"type":"if","locations":[{"start":{"line":103,"column":8},"end":{"line":103,"column":8}},{"start":{"line":103,"column":8},"end":{"line":103,"column":8}}]},"6":{"line":106,"type":"if","locations":[{"start":{"line":106,"column":12},"end":{"line":106,"column":12}},{"start":{"line":106,"column":12},"end":{"line":106,"column":12}}]},"7":{"line":133,"type":"binary-expr","locations":[{"start":{"line":133,"column":16},"end":{"line":133,"column":24}},{"start":{"line":133,"column":28},"end":{"line":133,"column":30}}]},"8":{"line":179,"type":"binary-expr","locations":[{"start":{"line":179,"column":27},"end":{"line":179,"column":36}},{"start":{"line":179,"column":40},"end":{"line":179,"column":54}},{"start":{"line":179,"column":58},"end":{"line":179,"column":60}}]},"9":{"line":196,"type":"if","locations":[{"start":{"line":196,"column":8},"end":{"line":196,"column":8}},{"start":{"line":196,"column":8},"end":{"line":196,"column":8}}]},"10":{"line":200,"type":"if","locations":[{"start":{"line":200,"column":20},"end":{"line":200,"column":20}},{"start":{"line":200,"column":20},"end":{"line":200,"column":20}}]},"11":{"line":203,"type":"if","locations":[{"start":{"line":203,"column":20},"end":{"line":203,"column":20}},{"start":{"line":203,"column":20},"end":{"line":203,"column":20}}]},"12":{"line":229,"type":"if","locations":[{"start":{"line":229,"column":8},"end":{"line":229,"column":8}},{"start":{"line":229,"column":8},"end":{"line":229,"column":8}}]},"13":{"line":236,"type":"if","locations":[{"start":{"line":236,"column":8},"end":{"line":236,"column":8}},{"start":{"line":236,"column":8},"end":{"line":236,"column":8}}]},"14":{"line":239,"type":"if","locations":[{"start":{"line":239,"column":12},"end":{"line":239,"column":12}},{"start":{"line":239,"column":12},"end":{"line":239,"column":12}}]},"15":{"line":265,"type":"if","locations":[{"start":{"line":265,"column":8},"end":{"line":265,"column":8}},{"start":{"line":265,"column":8},"end":{"line":265,"column":8}}]},"16":{"line":267,"type":"if","locations":[{"start":{"line":267,"column":12},"end":{"line":267,"column":12}},{"start":{"line":267,"column":12},"end":{"line":267,"column":12}}]},"17":{"line":280,"type":"if","locations":[{"start":{"line":280,"column":8},"end":{"line":280,"column":8}},{"start":{"line":280,"column":8},"end":{"line":280,"column":8}}]},"18":{"line":308,"type":"if","locations":[{"start":{"line":308,"column":8},"end":{"line":308,"column":8}},{"start":{"line":308,"column":8},"end":{"line":308,"column":8}}]},"19":{"line":308,"type":"binary-expr","locations":[{"start":{"line":308,"column":12},"end":{"line":308,"column":38}},{"start":{"line":308,"column":42},"end":{"line":308,"column":60}},{"start":{"line":308,"column":64},"end":{"line":308,"column":102}}]},"20":{"line":316,"type":"if","locations":[{"start":{"line":316,"column":8},"end":{"line":316,"column":8}},{"start":{"line":316,"column":8},"end":{"line":316,"column":8}}]},"21":{"line":329,"type":"binary-expr","locations":[{"start":{"line":329,"column":16},"end":{"line":329,"column":32}},{"start":{"line":329,"column":36},"end":{"line":329,"column":38}}]},"22":{"line":329,"type":"binary-expr","locations":[{"start":{"line":329,"column":47},"end":{"line":329,"column":68}},{"start":{"line":329,"column":72},"end":{"line":329,"column":74}}]},"23":{"line":366,"type":"if","locations":[{"start":{"line":366,"column":16},"end":{"line":366,"column":16}},{"start":{"line":366,"column":16},"end":{"line":366,"column":16}}]},"24":{"line":373,"type":"cond-expr","locations":[{"start":{"line":373,"column":48},"end":{"line":373,"column":56}},{"start":{"line":373,"column":59},"end":{"line":374,"column":46}}]},"25":{"line":416,"type":"cond-expr","locations":[{"start":{"line":416,"column":47},"end":{"line":416,"column":50}},{"start":{"line":416,"column":53},"end":{"line":416,"column":63}}]},"26":{"line":417,"type":"binary-expr","locations":[{"start":{"line":417,"column":20},"end":{"line":417,"column":29}},{"start":{"line":417,"column":33},"end":{"line":417,"column":42}}]},"27":{"line":417,"type":"binary-expr","locations":[{"start":{"line":417,"column":82},"end":{"line":417,"column":93}},{"start":{"line":417,"column":97},"end":{"line":417,"column":99}}]},"28":{"line":441,"type":"if","locations":[{"start":{"line":441,"column":12},"end":{"line":441,"column":12}},{"start":{"line":441,"column":12},"end":{"line":441,"column":12}}]},"29":{"line":473,"type":"cond-expr","locations":[{"start":{"line":473,"column":42},"end":{"line":473,"column":66}},{"start":{"line":473,"column":69},"end":{"line":473,"column":73}}]},"30":{"line":476,"type":"if","locations":[{"start":{"line":476,"column":12},"end":{"line":476,"column":12}},{"start":{"line":476,"column":12},"end":{"line":476,"column":12}}]},"31":{"line":508,"type":"if","locations":[{"start":{"line":508,"column":8},"end":{"line":508,"column":8}},{"start":{"line":508,"column":8},"end":{"line":508,"column":8}}]},"32":{"line":539,"type":"if","locations":[{"start":{"line":539,"column":8},"end":{"line":539,"column":8}},{"start":{"line":539,"column":8},"end":{"line":539,"column":8}}]},"33":{"line":615,"type":"binary-expr","locations":[{"start":{"line":615,"column":26},"end":{"line":615,"column":53}},{"start":{"line":615,"column":57},"end":{"line":615,"column":64}},{"start":{"line":615,"column":68},"end":{"line":615,"column":85}},{"start":{"line":615,"column":89},"end":{"line":615,"column":96}}]},"34":{"line":622,"type":"binary-expr","locations":[{"start":{"line":622,"column":25},"end":{"line":622,"column":51}},{"start":{"line":622,"column":55},"end":{"line":622,"column":61}},{"start":{"line":622,"column":65},"end":{"line":622,"column":81}},{"start":{"line":622,"column":85},"end":{"line":622,"column":91}}]},"35":{"line":629,"type":"binary-expr","locations":[{"start":{"line":629,"column":28},"end":{"line":629,"column":38}},{"start":{"line":629,"column":42},"end":{"line":629,"column":76}},{"start":{"line":629,"column":80},"end":{"line":629,"column":91}}]},"36":{"line":636,"type":"binary-expr","locations":[{"start":{"line":636,"column":25},"end":{"line":636,"column":51}},{"start":{"line":636,"column":55},"end":{"line":636,"column":61}}]},"37":{"line":637,"type":"if","locations":[{"start":{"line":637,"column":8},"end":{"line":637,"column":8}},{"start":{"line":637,"column":8},"end":{"line":637,"column":8}}]},"38":{"line":637,"type":"binary-expr","locations":[{"start":{"line":637,"column":12},"end":{"line":637,"column":22}},{"start":{"line":637,"column":27},"end":{"line":637,"column":59}},{"start":{"line":637,"column":63},"end":{"line":637,"column":95}}]},"39":{"line":644,"type":"if","locations":[{"start":{"line":644,"column":8},"end":{"line":644,"column":8}},{"start":{"line":644,"column":8},"end":{"line":644,"column":8}}]},"40":{"line":644,"type":"binary-expr","locations":[{"start":{"line":644,"column":12},"end":{"line":644,"column":40}},{"start":{"line":644,"column":44},"end":{"line":644,"column":74}},{"start":{"line":644,"column":78},"end":{"line":644,"column":88}}]},"41":{"line":647,"type":"if","locations":[{"start":{"line":
[...]
stedService(fullname) {","        return fullname.split('.').reduce(getNested, this);","    };","    ","    /**","     * Register a constant","     *","     * @param String name","     * @param mixed value","     * @return Bottle","     */","    var constant = function constant(name, value) {","        var parts = name.split('.');","        name = parts.pop();","        defineConstant.call(parts.reduce(setValueObject, this.container), name, value);","        return this;","    };","    ","    var defineConstant = function defineConstant(name, value) {","        Object.defineProperty(this, name, {","            configurable : false,","            enumerable : true,","            value : value,","            writable : false","        });","    };","    ","    /**","     * Register decorator.","     *","     * @param String fullname","     * @param Function func","     * @return Bottle","     */","    var decorator = function decorator(fullname, func) {","        var parts, name;","        if (typeof fullname === 'function') {","            func = fullname;","            fullname = '__global__';","        }","    ","        parts = fullname.split('.');","        name = parts.shift();","        if (parts.length) {","            getNestedBottle.call(this, name).decorator(parts.join('.'), func);","        } else {","            if (!this.decorators[name]) {","                this.decorators[name] = [];","            }","            this.decorators[name].push(func);","        }","        return this;","    };","    ","    /**","     * Register a function that will be executed when Bottle#resolve is called.","     *","     * @param Function func","     * @return Bottle","     */","    var defer = function defer(func) {","        this.deferred.push(func);","        return this;","    };","    ","    ","    /**","     * Immediately instantiates the provided list of services and returns them.","     *","     * @param Array services","     * @return Array Array of instances (in the order they were provided)","     */","    var digest = function digest(services) {","        return (services || []).map(getNestedService, this.container);","    };","    ","    /**","     * Register a factory inside a generic provider.","     *","     * @param String name","     * @param Function Factory","     * @return Bottle","     */","    var factory = function factory(name, Factory) {","        return provider.call(this, name, function GenericProvider() {","            this.$get = Factory;","        });","    };","    ","    /**","     * Register an instance factory inside a generic factory.","     *","     * @param {String} name - The name of the service","     * @param {Function} Factory - The factory function, matches the signature required for the","     * `factory` method","     * @return Bottle","     */","    var instanceFactory = function instanceFactory(name, Factory) {","        return factory.call(this, name, function GenericInstanceFactory(container) {","            return {","                instance : Factory.bind(Factory, container)","            };","        });","    };","    ","    /**","     * A filter function for removing bottle container methods and providers from a list of keys","     */","    var byMethod = function byMethod(name) {","        return !/^\\$(?:decorator|register|list)$|Provider$/.test(name);","    };","    ","    /**","     * List the services registered on the container.","     *","     * @param Object container","     * @return Array","     */","    var list = function list(container) {","        return Object.keys(container || this.container || {}).filter(byMethod);","    };","    ","    /**","     * Function used by provider to set up middleware for each request.","     *","     * @param Number id","     * @param String name","     * @param Object instance","     * @param Object container","     * @return void","     */","    var applyMiddleware = function applyMiddleware(middleware, name, instance, container) {","        var descriptor = {","            configurable : true,","            enumerable : true","        };","        if (middleware.length) {","            descriptor.get = function getWithMiddlewear() {","                var index = 0;","                var next = function nextMiddleware(err) {","                    if (err) {","                        throw err;","                    }","                    if (middleware[index]) {","                        middleware[index++](instance, next);","                    }","                };","                next();","                return instance;","            };","        } else {","            descriptor.value = instance;","            descriptor.writable = true;","        }","    ","        Object.defineProperty(container, name, descriptor);","    ","        return container[name];","    };","    ","    /**","     * Register middleware.","     *","     * @param String name","     * @param Function func","     * @return Bottle","     */","    var middleware = function middleware(fullname, func) {","        var parts, name;","        if (typeof fullname === 'function') {","            func = fullname;","            fullname = '__global__';","        }","    ","        parts = fullname.split('.');","        name = parts.shift();","        if (parts.length) {","            getNestedBottle.call(this, name).middleware(parts.join('.'), func);","        } else {","            if (!this.middlewares[name]) {","                this.middlewares[name] = [];","            }","            this.middlewares[name].push(func);","        }","        return this;","    };","    ","    /**","     * Named bottle instances","     *","     * @type Object","     */","    var bottles = {};","    ","    /**","     * Get an instance of bottle.","     *","     * If a name is provided the instance will be stored in a local hash.  Calling Bottle.pop multiple","     * times with the same name will return the same instance.","     *","     * @param String name","     * @return Bottle","     */","    var pop = function pop(name) {","        var instance;","        if (typeof name === 'string') {","            instance = bottles[name];","            if (!instance) {","                bottles[name] = instance = new Bottle();","                instance.constant('BOTTLE_NAME', name);","            }","            return instance;","        }","        return new Bottle();","    };","    ","    /**","     * Clear all named bottles.","     */","    var clear = function clear(name) {","        if (typeof name === 'string') {","            delete bottles[name];","        } else {","            bottles = {};","        }","    };","    ","    /**","     * Used to process decorators in the provider","     *","     * @param Object instance","     * @param Function func","     * @return Mixed","     */","    var reducer = function reducer(instance, func) {","        return func(instance);","    };","    ","    /**","     * Register a provider.","     *","     * @param String fullname","     * @param Function Provider","     * @return Bottle","     */","    var provider = function provider(fullname, Provider) {","        var parts, name;","        parts = fullname.split('.');","        if (this.providerMap[fullname] && parts.length === 1 && !this.container[fullname + 'Provider']) {","            return console.error(fullname + ' provider already instantiated.');","        }","        this.originalProviders[fullname] = Provider;","        this.providerMap[fullname] = true;","    ","        name = parts.shift();","    ","        if (parts.length) {","            createSubProvider.call(this, name, Provider, parts);","            return this;","        }","        return createProvider.call(this, name, Provider);","    };","    ","    /**","     * Get decorators and middleware including globals","     *","     * @return array","     */","    var getWithGlobal = function getWithGlobal(collection, name) {","        return (collection[name] || []).concat(collection.__global__ || []);","    };","    ","    /**","     * Create the provider properties on the container","     *","     * @param String name","     * @param Function Provider","     * @return Bottle","     */","    var createProvider = function createProvider(name, Provider) {","        var providerName, properties, container, id, decorators, middlewares;","    ","        id = this.id;","        container = this.container;","        decorators = this.decorators;","        middlewares = this.middlewares;","        providerName = name + 'Provider';","    ","        properties = Object.create(null);","        properties[providerName] = {","            configurable : true,","            enumerable : true,","            get : function getProvider() {","                var instance = new Provider();","                delete container[providerName];","                container[providerName] = instance;","                return instance;","            }","        };","    ","        properties[name] = {","            configurable : true,","            enumerable : true,","            get : function getService() {","                var provider = container[providerName];","                var instance;","                if (provider) {","                    // filter through decorators","                    instance = getWithGlobal(decorators, name).reduce(reducer, provider.$get(container));","    ","                    delete container[providerName];","                    delete container[name];","                }","                return instance === undefined ? instance : applyMiddleware(getWithGlobal(middlewares, name),","                    name, instance, container);","            }","        };","    ","        Object.defineProperties(container, properties);","        return this;","    };","    ","    /**","     * Creates a bottle container on the current bottle container, and registers","     * the provider under the sub container.","     *","     * @param String name","     * @param Function Provider","     * @param Array parts","     * @return Bottle","     */","    var createSubProvider = function createSubProvider(name, Provider, parts) {","        var bottle;","        bottle = getNestedBottle.call(this, name);","        this.factory(name, function SubProviderFactory() {","            return bottle.container;","        });","        return bottle.provider(parts.join('.'), Provider);","    };","    ","    /**","     * Register a service, factory, provider, or value based on properties on the object.","     *","     * properties:","     *  * Obj.$name   String required ex: `'Thing'`","     *  * Obj.$type   String optional 'service', 'factory', 'provider', 'value'.  Default: 'service'","     *  * Obj.$inject Mixed  optional only useful with $type 'service' name or array of names","     *  * Obj.$value  Mixed  optional Normally Obj is registered on the container.  However, if this","     *                       property is included, it's value will be registered on the container","     *                       instead of the object itsself.  Useful for registering objects on the","     *                       bottle container without modifying those objects with bottle specific keys.","     *","     * @param Function Obj","     * @return Bottle","     */","    var register = function register(Obj) {","        var value = Obj.$value === undefined ? Obj : Obj.$value;","        return this[Obj.$type || 'service'].apply(this, [Obj.$name, value].concat(Obj.$inject || []));","    };","    ","    /**","     * Deletes providers from the map and container.","     *","     * @param String name","     * @return void","     */","    var removeProviderMap = function resetProvider(name) {","        delete this.providerMap[name];","        delete this.container[name];","        delete this.container[name + 'Provider'];","    };","    ","    /**","     * Resets all providers on a bottle instance.","     *","     * @return void","     */","    var resetProviders = function resetProviders() {","        var providers = this.originalProviders;","        Object.keys(this.originalProviders).forEach(function resetPrvider(provider) {","            var parts = provider.split('.');","            if (parts.length > 1) {","                removeProviderMap.call(this, parts[0]);","                parts.forEach(removeProviderMap, getNestedBottle.call(this, parts[0]));","            }","            removeProviderMap.call(this, provider);","            this.provider(provider, providers[provider]);","        }, this);","    };","    ","    ","    /**","     * Execute any deferred functions","     *","     * @param Mixed data","     * @return Bottle","     */","    var resolve = function resolve(data) {","        this.deferred.forEach(function deferredIterator(func) {","            func(data);","        });","    ","        return this;","    };","    ","    /**","     * Register a service inside a generic factory.","     *","     * @param String name","     * @param Function Service","     * @return Bottle","     */","    var service = function service(name, Service) {","        var deps = arguments.length > 2 ? slice.call(arguments, 2) : null;","        var bottle = this;","        return factory.call(this, name, function GenericFactory() {","            if (deps) {","                deps = deps.map(getNestedService, bottle.container);","                deps.unshift(Service);","                Service = Service.bind.apply(Service, deps);","            }","            return new Service();","        });","    };","    ","    /**","     * Register a value","     *","     * @param String name","     * @param mixed val","     * @return Bottle","     */","    var value = function value(name, val) {","        var parts;","        parts = name.split('.');","        name = parts.pop();","        defineValue.call(parts.reduce(setValueObject, this.container), name, val);","        return this;","    };","    ","    /**","     * Iterator for setting a plain object literal via defineValue","     *","     * @param Object container","     * @param string name","     */","    var setValueObject = function setValueObject(container, name) {","        var nestedContainer = container[name];","        if (!nestedContainer) {","            nestedContainer = {};","            defineValue.call(container, name, nestedContainer);","        }","        return nestedContainer;","    };","    ","    /**","     * Define a mutable property on the container.","     *","     * @param String name","     * @param mixed val","     * @return void","     * @scope container","     */","    var defineValue = function defineValue(name, val) {","        Object.defineProperty(this, name, {","            configurable : true,","            enumerable : true,","            value : val,","            writable : true","        });","    };","    ","    ","    /**","     * Bottle constructor","     *","     * @param String name Optional name for functional construction","     */","    var Bottle = function Bottle(name) {","        if (!(this instanceof Bottle)) {","            return Bottle.pop(name);","        }","    ","        this.id = id++;","    ","        this.decorators = {};","        this.middlewares = {};","        this.nested = {};","        this.providerMap = {};","        this.originalProviders = {};","        this.deferred = [];","        this.container = {","            $decorator : decorator.bind(this),","            $register : register.bind(this),","            $list : list.bind(this)","        };","    };","    ","    /**","     * Bottle prototype","     */","    Bottle.prototype = {","        constant : constant,","        decorator : decorator,","        defer : defer,","        digest : digest,","        factory : factory,","        instanceFactory: instanceFactory,","        list : list,","        middleware : middleware,","        provider : provider,","        resetProviders : resetProviders,","        register : register,","        resolve : resolve,","        service : service,","        value : value","    };","    ","    /**","     * Bottle static","     */","    Bottle.pop = pop;","    Bottle.clear = clear;","    Bottle.list = list;","    ","    /**","     * Global config","     */","    var globalConfig = Bottle.config = {","        strict : false","    };","    ","    /**","     * Exports script adapted from lodash v2.4.1 Modern Build","     *","     * @see http://lodash.com/","     */","    ","    /**","     * Valid object type map","     *","     * @type Object","     */","    var objectTypes = {","        'function' : true,","        'object' : true","    };","    ","    (function exportBottle(root) {","    ","        /**","         * Free variable exports","         *","         * @type Function","         */","        var freeExports = objectTypes[typeof exports] && exports && !exports.nodeType && exports;","    ","        /**","         * Free variable module","         *","         * @type Object","         */","        var freeModule = objectTypes[typeof module] && module && !module.nodeType && module;","    ","        /**","         * CommonJS module.exports","         *","         * @type Function","         */","        var moduleExports = freeModule && freeModule.exports === freeExports && freeExports;","    ","        /**","         * Free variable `global`","         *","         * @type Object","         */","        var freeGlobal = objectTypes[typeof global] && global;","        if (freeGlobal && (freeGlobal.global === freeGlobal || freeGlobal.window === freeGlobal)) {","            root = freeGlobal;","        }","    ","        /**","         * Export","         */","        if (typeof define === 'function' && typeof define.amd === 'object' && define.amd) {","            root.Bottle = Bottle;","            define(function() { return Bottle; });","        } else if (freeExports && freeModule) {","            if (moduleExports) {","                (freeModule.exports = Bottle).Bottle = Bottle;","            } else {","                freeExports.Bottle = Bottle;","            }","        } else {","            root.Bottle = Bottle;","        }","    }((objectTypes[typeof window] && window) || this));","    ","}.call(this));"],"l":{"1":1,"16":1,"23":1,"36":1,"37":0,"38":0,"39":0,"41":0,"50":1,"51":0,"60":1,"61":0,"71":1,"72":0,"73":0,"74":0,"75":0,"78":1,"79":0,"94":1,"95":0,"96":0,"97":0,"98":0,"101":0,"102":0,"103":0,"104":0,"106":0,"107":0,"109":0,"111":0,"120":1,"121":0,"122":0,"132":1,"133":0,"143":1,"144":0,"145":0,"157":1,"158":0,"159":0,"168":1,"169":0,"178":1,"179":0,"191":1,"192":0,"196":0,"197":0,"198":0,"199":0,"200":0,"201":0,"203":0,"204":0,"207":0,"208":0,"211":0,"212":0,"215":0,"217":0,"227":1,"228":0,"229":0,"230":0,"231":0,"234":0,"235":0,"236":0,"237":0,"239":0,"240":0,"242":0,"244":0,"252":1,"263":1,"264":0,"265":0,"266":0,"267":0,"268":0,"269":0,"271":0,"273":0,"279":1,"280":0,"281":0,"283":0,"294":1,"295":0,"305":1,"306":0,"307":0,"308":0,"309":0,"311":0,"312":0,"314":0,"316":0,"317":0,"318":0,"320":0,"328":1,"329":0,"339":1,"340":0,"342":0,"343":0,"344":0,"345":0,"346":0,"348":0,"349":0,"353":0,"354":0,"355":0,"356":0,"360":0,"364":0,"365":0,"366":0,"368":0,"370":0,"371":0,"373":0,"378":0,"379":0,"391":1,"392":0,"393":0,"394":0,"395":0,"397":0,"415":1,"416":0,"417":0,"426":1,"427":0,"428":0,"429":0,"437":1,"438":0,"439":0,"440":0,"441":0,"442":0,"443":0,"445":0,"446":0,"457":1,"458":0,"459":0,"462":0,"472":1,"473":0,"474":0,"475":0,"476":0,"477":0,"478":0,"479":0,"481":0,"492":1,"493":0,"494":0,"495":0,"496":0,"497":0,"506":1,"507":0,"508":0,"509":0,"510":0,"512":0,"523":1,"524":0,"538":1,"539":0,"540":0,"543":0,"545":0,"546":0,"547":0,"548":0,"549":0,"550":0,"551":0,"561":1,"581":1,"582":1,"583":1,"588":1,"603":1,"608":1,"615":1,"622":1,"629":1,"636":1,"637":1,"638":1,"644":1,"645":0,"646":0,"647":1,"648":1,"649":1,"651":0,"654":0}}}